[2022-04-06  15:22:55.715] "D:\python\RenRenMall\RenRen_Shop\factory\factory.py:58" [INFO] : 账户初始化
[2022-04-06  15:22:55.869] "D:\python\RenRenMall\RenRen_Shop\factory\factory.py:60" [INFO] : 账户登录成功
[2022-04-06  15:22:55.969] "D:\python\RenRenMall\RenRen_Shop\factory\factory.py:64" [INFO] : 获取该账户管理的店铺
[2022-04-06  15:22:55.969] "D:\python\RenRenMall\RenRen_Shop\factory\factory.py:66" [INFO] : 店铺初始化，默认获取第一个店铺的管理权，若有多个店铺，可通过self.switch_shop()进行管理权切换
[2022-04-06  15:22:56.242] "D:\python\RenRenMall\RenRen_Shop\factory\factory.py:53" [INFO] : 账号登出成功
[2022-04-06  15:23:29.725] "D:\python\RenRenMall\RenRen_Shop\factory\factory.py:58" [INFO] : 账户初始化
[2022-04-06  15:23:29.882] "D:\python\RenRenMall\RenRen_Shop\factory\factory.py:60" [INFO] : 账户登录成功
[2022-04-06  15:23:29.976] "D:\python\RenRenMall\RenRen_Shop\factory\factory.py:64" [INFO] : 获取该账户管理的店铺
[2022-04-06  15:23:29.977] "D:\python\RenRenMall\RenRen_Shop\factory\factory.py:66" [INFO] : 店铺初始化，默认获取第一个店铺的管理权，若有多个店铺，可通过self.switch_shop()进行管理权切换
[2022-04-06  15:23:30.225] "D:\python\RenRenMall\RenRen_Shop\factory\factory.py:53" [INFO] : 账号登出成功
[2022-04-06  15:24:02.327] "D:\python\RenRenMall\RenRen_Shop\factory\factory.py:58" [INFO] : 账户初始化
[2022-04-06  15:24:02.485] "D:\python\RenRenMall\RenRen_Shop\factory\factory.py:60" [INFO] : 账户登录成功
[2022-04-06  15:24:02.588] "D:\python\RenRenMall\RenRen_Shop\factory\factory.py:64" [INFO] : 获取该账户管理的店铺
[2022-04-06  15:24:02.588] "D:\python\RenRenMall\RenRen_Shop\factory\factory.py:66" [INFO] : 店铺初始化，默认获取第一个店铺的管理权，若有多个店铺，可通过self.switch_shop()进行管理权切换
[2022-04-06  15:24:02.900] "D:\python\RenRenMall\RenRen_Shop\factory\factory.py:53" [INFO] : 账号登出成功
[2022-04-06  15:25:47.204] "D:\python\RenRenMall\RenRen_Shop\factory\factory.py:58" [INFO] : 账户初始化
[2022-04-06  15:25:47.361] "D:\python\RenRenMall\RenRen_Shop\factory\factory.py:60" [INFO] : 账户登录成功
[2022-04-06  15:25:47.458] "D:\python\RenRenMall\RenRen_Shop\factory\factory.py:64" [INFO] : 获取该账户管理的店铺
[2022-04-06  15:25:47.458] "D:\python\RenRenMall\RenRen_Shop\factory\factory.py:66" [INFO] : 店铺初始化，默认获取第一个店铺的管理权，若有多个店铺，可通过self.switch_shop()进行管理权切换
[2022-04-06  15:25:47.911] "D:\python\RenRenMall\RenRen_Shop\factory\factory.py:53" [INFO] : 账号登出成功
[2022-04-06  15:45:12.473] "D:\python\RenRenMall\RenRen_Shop\factory\factory.py:58" [INFO] : 账户初始化
[2022-04-06  15:45:12.637] "D:\python\RenRenMall\RenRen_Shop\factory\factory.py:60" [INFO] : 账户登录成功
[2022-04-06  15:45:12.732] "D:\python\RenRenMall\RenRen_Shop\factory\factory.py:64" [INFO] : 获取该账户管理的店铺
[2022-04-06  15:45:12.732] "D:\python\RenRenMall\RenRen_Shop\factory\factory.py:66" [INFO] : 店铺初始化，默认获取第一个店铺的管理权，若有多个店铺，可通过self.switch_shop()进行管理权切换
[2022-04-06  15:45:13.108] "D:\python\RenRenMall\RenRen_Shop\factory\factory.py:53" [INFO] : 账号登出成功
[2022-04-06  16:00:11.777] "D:\python\RenRenMall\RenRen_Shop\factory\factory.py:58" [INFO] : 账户初始化
[2022-04-06  16:00:11.934] "D:\python\RenRenMall\RenRen_Shop\factory\factory.py:60" [INFO] : 账户登录成功
[2022-04-06  16:00:12.025] "D:\python\RenRenMall\RenRen_Shop\factory\factory.py:64" [INFO] : 获取该账户管理的店铺
[2022-04-06  16:00:12.025] "D:\python\RenRenMall\RenRen_Shop\factory\factory.py:66" [INFO] : 店铺初始化，默认获取第一个店铺的管理权，若有多个店铺，可通过self.switch_shop()进行管理权切换
[2022-04-06  16:00:12.319] "D:\python\RenRenMall\RenRen_Shop\factory\factory.py:53" [INFO] : 账号登出成功
[2022-04-06  16:15:48.445] "D:\python\RenRenMall\RenRen_Shop\factory\factory.py:58" [INFO] : 账户初始化
[2022-04-06  16:15:48.601] "D:\python\RenRenMall\RenRen_Shop\factory\factory.py:60" [INFO] : 账户登录成功
[2022-04-06  16:15:48.692] "D:\python\RenRenMall\RenRen_Shop\factory\factory.py:64" [INFO] : 获取该账户管理的店铺
[2022-04-06  16:15:48.693] "D:\python\RenRenMall\RenRen_Shop\factory\factory.py:66" [INFO] : 店铺初始化，默认获取第一个店铺的管理权，若有多个店铺，可通过self.switch_shop()进行管理权切换
[2022-04-06  16:15:48.964] "D:\python\RenRenMall\RenRen_Shop\factory\factory.py:53" [INFO] : 账号登出成功
[2022-04-06  16:22:07.663] "D:\python\RenRenMall\RenRen_Shop\factory\factory.py:60" [INFO] : 账户初始化
[2022-04-06  16:22:07.848] "D:\python\RenRenMall\RenRen_Shop\factory\factory.py:62" [INFO] : 账户登录成功
[2022-04-06  16:22:07.940] "D:\python\RenRenMall\RenRen_Shop\factory\factory.py:66" [INFO] : 获取该账户管理的店铺
[2022-04-06  16:22:07.940] "D:\python\RenRenMall\RenRen_Shop\factory\factory.py:68" [INFO] : 店铺初始化，默认获取第一个店铺的管理权，若有多个店铺，可通过self.switch_shop()进行管理权切换
[2022-04-06  16:22:08.145] "D:\python\RenRenMall\RenRen_Shop\factory\factory.py:55" [INFO] : 账号登出成功
[2022-04-06  16:24:20.391] "D:\python\RenRenMall\RenRen_Shop\factory\factory.py:60" [INFO] : 账户初始化
[2022-04-06  16:24:20.547] "D:\python\RenRenMall\RenRen_Shop\factory\factory.py:62" [INFO] : 账户登录成功
[2022-04-06  16:24:20.644] "D:\python\RenRenMall\RenRen_Shop\factory\factory.py:66" [INFO] : 获取该账户管理的店铺
[2022-04-06  16:24:20.645] "D:\python\RenRenMall\RenRen_Shop\factory\factory.py:68" [INFO] : 店铺初始化，默认获取第一个店铺的管理权，若有多个店铺，可通过self.switch_shop()进行管理权切换
[2022-04-06  16:24:20.730] "D:\python\RenRenMall\RenRen_Shop\api\commission\change_agent.py:28" [INFO] : {"error":331110,"message":"参数错误"}
[2022-04-06  16:24:20.869] "D:\python\RenRenMall\RenRen_Shop\factory\factory.py:55" [INFO] : 账号登出成功
[2022-04-06  16:25:01.812] "D:\python\RenRenMall\RenRen_Shop\factory\factory.py:60" [INFO] : 账户初始化
[2022-04-06  16:25:01.976] "D:\python\RenRenMall\RenRen_Shop\factory\factory.py:62" [INFO] : 账户登录成功
[2022-04-06  16:25:02.070] "D:\python\RenRenMall\RenRen_Shop\factory\factory.py:66" [INFO] : 获取该账户管理的店铺
[2022-04-06  16:25:02.071] "D:\python\RenRenMall\RenRen_Shop\factory\factory.py:68" [INFO] : 店铺初始化，默认获取第一个店铺的管理权，若有多个店铺，可通过self.switch_shop()进行管理权切换
[2022-04-06  16:25:02.214] "D:\python\RenRenMall\test\test.py:14" [INFO] : 成功
[2022-04-06  16:25:02.339] "D:\python\RenRenMall\RenRen_Shop\factory\factory.py:55" [INFO] : 账号登出成功
[2022-04-07  11:22:04.556] "D:\python\RenRenMall\RenRen_Shop\factory\factory.py:60" [INFO] : 账户初始化
[2022-04-07  11:22:04.712] "D:\python\RenRenMall\RenRen_Shop\factory\factory.py:62" [INFO] : 账户登录成功
[2022-04-07  11:22:04.803] "D:\python\RenRenMall\RenRen_Shop\factory\factory.py:66" [INFO] : 获取该账户管理的店铺
[2022-04-07  11:22:04.803] "D:\python\RenRenMall\RenRen_Shop\factory\factory.py:68" [INFO] : 店铺初始化，默认获取第一个店铺的管理权，若有多个店铺，可通过self.switch_shop()进行管理权切换
[2022-04-07  11:22:05.562] "D:\python\RenRenMall\RenRen_Shop\factory\factory.py:55" [INFO] : 账号登出成功
[2022-04-07  11:23:44.077] "D:\python\RenRenMall\RenRen_Shop\factory\factory.py:60" [INFO] : 账户初始化
[2022-04-07  11:23:44.238] "D:\python\RenRenMall\RenRen_Shop\factory\factory.py:62" [INFO] : 账户登录成功
[2022-04-07  11:23:44.335] "D:\python\RenRenMall\RenRen_Shop\factory\factory.py:66" [INFO] : 获取该账户管理的店铺
[2022-04-07  11:23:44.336] "D:\python\RenRenMall\RenRen_Shop\factory\factory.py:68" [INFO] : 店铺初始化，默认获取第一个店铺的管理权，若有多个店铺，可通过self.switch_shop()进行管理权切换
[2022-04-07  11:23:45.156] "D:\python\RenRenMall\RenRen_Shop\factory\factory.py:55" [INFO] : 账号登出成功
[2022-04-07  11:25:04.089] "D:\python\RenRenMall\RenRen_Shop\factory\factory.py:60" [INFO] : 账户初始化
[2022-04-07  11:25:04.250] "D:\python\RenRenMall\RenRen_Shop\factory\factory.py:62" [INFO] : 账户登录成功
[2022-04-07  11:25:04.349] "D:\python\RenRenMall\RenRen_Shop\factory\factory.py:66" [INFO] : 获取该账户管理的店铺
[2022-04-07  11:25:04.350] "D:\python\RenRenMall\RenRen_Shop\factory\factory.py:68" [INFO] : 店铺初始化，默认获取第一个店铺的管理权，若有多个店铺，可通过self.switch_shop()进行管理权切换
[2022-04-07  11:25:06.105] "D:\python\RenRenMall\RenRen_Shop\factory\factory.py:55" [INFO] : 账号登出成功
[2022-04-07  11:25:29.186] "D:\python\RenRenMall\RenRen_Shop\factory\factory.py:60" [INFO] : 账户初始化
[2022-04-07  11:25:29.342] "D:\python\RenRenMall\RenRen_Shop\factory\factory.py:62" [INFO] : 账户登录成功
[2022-04-07  11:25:29.434] "D:\python\RenRenMall\RenRen_Shop\factory\factory.py:66" [INFO] : 获取该账户管理的店铺
[2022-04-07  11:25:29.435] "D:\python\RenRenMall\RenRen_Shop\factory\factory.py:68" [INFO] : 店铺初始化，默认获取第一个店铺的管理权，若有多个店铺，可通过self.switch_shop()进行管理权切换
[2022-04-07  11:25:30.248] "D:\python\RenRenMall\RenRen_Shop\factory\factory.py:55" [INFO] : 账号登出成功
[2022-04-07  11:27:15.533] "D:\python\RenRenMall\RenRen_Shop\factory\factory.py:60" [INFO] : 账户初始化
[2022-04-07  11:27:15.693] "D:\python\RenRenMall\RenRen_Shop\factory\factory.py:62" [INFO] : 账户登录成功
[2022-04-07  11:27:15.790] "D:\python\RenRenMall\RenRen_Shop\factory\factory.py:66" [INFO] : 获取该账户管理的店铺
[2022-04-07  11:27:15.790] "D:\python\RenRenMall\RenRen_Shop\factory\factory.py:68" [INFO] : 店铺初始化，默认获取第一个店铺的管理权，若有多个店铺，可通过self.switch_shop()进行管理权切换
[2022-04-07  11:27:16.542] "D:\python\RenRenMall\RenRen_Shop\factory\factory.py:55" [INFO] : 账号登出成功
[2022-04-07  11:27:49.346] "D:\python\RenRenMall\RenRen_Shop\factory\factory.py:60" [INFO] : 账户初始化
[2022-04-07  11:27:49.517] "D:\python\RenRenMall\RenRen_Shop\factory\factory.py:62" [INFO] : 账户登录成功
[2022-04-07  11:27:49.638] "D:\python\RenRenMall\RenRen_Shop\factory\factory.py:66" [INFO] : 获取该账户管理的店铺
[2022-04-07  11:27:49.640] "D:\python\RenRenMall\RenRen_Shop\factory\factory.py:68" [INFO] : 店铺初始化，默认获取第一个店铺的管理权，若有多个店铺，可通过self.switch_shop()进行管理权切换
[2022-04-07  11:27:50.485] "D:\python\RenRenMall\RenRen_Shop\factory\factory.py:55" [INFO] : 账号登出成功
[2022-04-07  11:30:03.785] "D:\python\RenRenMall\RenRen_Shop\factory\factory.py:60" [INFO] : 账户初始化
[2022-04-07  11:30:03.941] "D:\python\RenRenMall\RenRen_Shop\factory\factory.py:62" [INFO] : 账户登录成功
[2022-04-07  11:30:04.030] "D:\python\RenRenMall\RenRen_Shop\factory\factory.py:66" [INFO] : 获取该账户管理的店铺
[2022-04-07  11:30:04.031] "D:\python\RenRenMall\RenRen_Shop\factory\factory.py:68" [INFO] : 店铺初始化，默认获取第一个店铺的管理权，若有多个店铺，可通过self.switch_shop()进行管理权切换
[2022-04-07  11:30:04.780] "D:\python\RenRenMall\RenRen_Shop\factory\factory.py:55" [INFO] : 账号登出成功
[2022-04-07  11:30:16.227] "D:\python\RenRenMall\RenRen_Shop\factory\factory.py:60" [INFO] : 账户初始化
[2022-04-07  11:30:16.384] "D:\python\RenRenMall\RenRen_Shop\factory\factory.py:62" [INFO] : 账户登录成功
[2022-04-07  11:30:16.478] "D:\python\RenRenMall\RenRen_Shop\factory\factory.py:66" [INFO] : 获取该账户管理的店铺
[2022-04-07  11:30:16.478] "D:\python\RenRenMall\RenRen_Shop\factory\factory.py:68" [INFO] : 店铺初始化，默认获取第一个店铺的管理权，若有多个店铺，可通过self.switch_shop()进行管理权切换
[2022-04-07  11:30:17.220] "D:\python\RenRenMall\RenRen_Shop\factory\factory.py:55" [INFO] : 账号登出成功
[2022-04-07  11:30:38.853] "D:\python\RenRenMall\RenRen_Shop\factory\factory.py:60" [INFO] : 账户初始化
[2022-04-07  11:30:39.010] "D:\python\RenRenMall\RenRen_Shop\factory\factory.py:62" [INFO] : 账户登录成功
[2022-04-07  11:30:39.103] "D:\python\RenRenMall\RenRen_Shop\factory\factory.py:66" [INFO] : 获取该账户管理的店铺
[2022-04-07  11:30:39.103] "D:\python\RenRenMall\RenRen_Shop\factory\factory.py:68" [INFO] : 店铺初始化，默认获取第一个店铺的管理权，若有多个店铺，可通过self.switch_shop()进行管理权切换
[2022-04-07  11:30:39.811] "D:\python\RenRenMall\RenRen_Shop\factory\factory.py:55" [INFO] : 账号登出成功
[2022-04-07  11:31:37.568] "D:\python\RenRenMall\RenRen_Shop\factory\factory.py:60" [INFO] : 账户初始化
[2022-04-07  11:31:37.723] "D:\python\RenRenMall\RenRen_Shop\factory\factory.py:62" [INFO] : 账户登录成功
[2022-04-07  11:31:37.821] "D:\python\RenRenMall\RenRen_Shop\factory\factory.py:66" [INFO] : 获取该账户管理的店铺
[2022-04-07  11:31:37.821] "D:\python\RenRenMall\RenRen_Shop\factory\factory.py:68" [INFO] : 店铺初始化，默认获取第一个店铺的管理权，若有多个店铺，可通过self.switch_shop()进行管理权切换
[2022-04-07  11:31:39.229] "D:\python\RenRenMall\RenRen_Shop\factory\factory.py:55" [INFO] : 账号登出成功
[2022-04-07  11:34:07.338] "D:\python\RenRenMall\RenRen_Shop\factory\factory.py:60" [INFO] : 账户初始化
[2022-04-07  11:34:07.498] "D:\python\RenRenMall\RenRen_Shop\factory\factory.py:62" [INFO] : 账户登录成功
[2022-04-07  11:34:07.607] "D:\python\RenRenMall\RenRen_Shop\factory\factory.py:66" [INFO] : 获取该账户管理的店铺
[2022-04-07  11:34:07.607] "D:\python\RenRenMall\RenRen_Shop\factory\factory.py:68" [INFO] : 店铺初始化，默认获取第一个店铺的管理权，若有多个店铺，可通过self.switch_shop()进行管理权切换
[2022-04-07  11:34:10.465] "D:\python\RenRenMall\RenRen_Shop\factory\factory.py:55" [INFO] : 账号登出成功
[2022-04-07  11:35:25.879] "D:\python\RenRenMall\RenRen_Shop\factory\factory.py:60" [INFO] : 账户初始化
[2022-04-07  11:35:26.034] "D:\python\RenRenMall\RenRen_Shop\factory\factory.py:62" [INFO] : 账户登录成功
[2022-04-07  11:35:26.125] "D:\python\RenRenMall\RenRen_Shop\factory\factory.py:66" [INFO] : 获取该账户管理的店铺
[2022-04-07  11:35:26.125] "D:\python\RenRenMall\RenRen_Shop\factory\factory.py:68" [INFO] : 店铺初始化，默认获取第一个店铺的管理权，若有多个店铺，可通过self.switch_shop()进行管理权切换
[2022-04-07  11:35:28.864] "D:\python\RenRenMall\RenRen_Shop\factory\factory.py:55" [INFO] : 账号登出成功
[2022-04-07  11:40:37.815] "D:\python\RenRenMall\RenRen_Shop\factory\factory.py:60" [INFO] : 账户初始化
[2022-04-07  11:40:37.973] "D:\python\RenRenMall\RenRen_Shop\factory\factory.py:62" [INFO] : 账户登录成功
[2022-04-07  11:40:38.069] "D:\python\RenRenMall\RenRen_Shop\factory\factory.py:66" [INFO] : 获取该账户管理的店铺
[2022-04-07  11:40:38.069] "D:\python\RenRenMall\RenRen_Shop\factory\factory.py:68" [INFO] : 店铺初始化，默认获取第一个店铺的管理权，若有多个店铺，可通过self.switch_shop()进行管理权切换
[2022-04-07  11:40:40.993] "D:\python\RenRenMall\RenRen_Shop\factory\factory.py:55" [INFO] : 账号登出成功
[2022-04-07  11:41:21.672] "D:\python\RenRenMall\RenRen_Shop\factory\factory.py:60" [INFO] : 账户初始化
[2022-04-07  11:41:21.833] "D:\python\RenRenMall\RenRen_Shop\factory\factory.py:62" [INFO] : 账户登录成功
[2022-04-07  11:41:21.922] "D:\python\RenRenMall\RenRen_Shop\factory\factory.py:66" [INFO] : 获取该账户管理的店铺
[2022-04-07  11:41:21.922] "D:\python\RenRenMall\RenRen_Shop\factory\factory.py:68" [INFO] : 店铺初始化，默认获取第一个店铺的管理权，若有多个店铺，可通过self.switch_shop()进行管理权切换
[2022-04-07  11:41:24.610] "D:\python\RenRenMall\RenRen_Shop\factory\factory.py:55" [INFO] : 账号登出成功
[2022-04-07  11:45:34.812] "D:\python\RenRenMall\RenRen_Shop\factory\factory.py:60" [INFO] : 账户初始化
[2022-04-07  11:45:34.976] "D:\python\RenRenMall\RenRen_Shop\factory\factory.py:62" [INFO] : 账户登录成功
[2022-04-07  11:45:35.069] "D:\python\RenRenMall\RenRen_Shop\factory\factory.py:66" [INFO] : 获取该账户管理的店铺
[2022-04-07  11:45:35.069] "D:\python\RenRenMall\RenRen_Shop\factory\factory.py:68" [INFO] : 店铺初始化，默认获取第一个店铺的管理权，若有多个店铺，可通过self.switch_shop()进行管理权切换
[2022-04-07  11:45:38.029] "D:\python\RenRenMall\RenRen_Shop\factory\factory.py:55" [INFO] : 账号登出成功
[2022-04-07  11:47:35.510] "D:\python\RenRenMall\RenRen_Shop\factory\factory.py:60" [INFO] : 账户初始化
[2022-04-07  11:47:35.666] "D:\python\RenRenMall\RenRen_Shop\factory\factory.py:62" [INFO] : 账户登录成功
[2022-04-07  11:47:35.764] "D:\python\RenRenMall\RenRen_Shop\factory\factory.py:66" [INFO] : 获取该账户管理的店铺
[2022-04-07  11:47:35.764] "D:\python\RenRenMall\RenRen_Shop\factory\factory.py:68" [INFO] : 店铺初始化，默认获取第一个店铺的管理权，若有多个店铺，可通过self.switch_shop()进行管理权切换
[2022-04-07  11:47:36.366] "D:\python\RenRenMall\RenRen_Shop\factory\factory.py:55" [INFO] : 账号登出成功
[2022-04-07  11:47:54.941] "D:\python\RenRenMall\RenRen_Shop\factory\factory.py:60" [INFO] : 账户初始化
[2022-04-07  11:47:55.098] "D:\python\RenRenMall\RenRen_Shop\factory\factory.py:62" [INFO] : 账户登录成功
[2022-04-07  11:47:55.190] "D:\python\RenRenMall\RenRen_Shop\factory\factory.py:66" [INFO] : 获取该账户管理的店铺
[2022-04-07  11:47:55.190] "D:\python\RenRenMall\RenRen_Shop\factory\factory.py:68" [INFO] : 店铺初始化，默认获取第一个店铺的管理权，若有多个店铺，可通过self.switch_shop()进行管理权切换
[2022-04-07  11:47:55.827] "D:\python\RenRenMall\RenRen_Shop\factory\factory.py:55" [INFO] : 账号登出成功
[2022-04-07  11:49:52.922] "D:\python\RenRenMall\RenRen_Shop\factory\factory.py:60" [INFO] : 账户初始化
[2022-04-07  11:49:53.083] "D:\python\RenRenMall\RenRen_Shop\factory\factory.py:62" [INFO] : 账户登录成功
[2022-04-07  11:49:53.177] "D:\python\RenRenMall\RenRen_Shop\factory\factory.py:66" [INFO] : 获取该账户管理的店铺
[2022-04-07  11:49:53.177] "D:\python\RenRenMall\RenRen_Shop\factory\factory.py:68" [INFO] : 店铺初始化，默认获取第一个店铺的管理权，若有多个店铺，可通过self.switch_shop()进行管理权切换
[2022-04-07  11:49:53.792] "D:\python\RenRenMall\RenRen_Shop\factory\factory.py:55" [INFO] : 账号登出成功
[2022-04-07  11:50:33.915] "D:\python\RenRenMall\RenRen_Shop\factory\factory.py:60" [INFO] : 账户初始化
[2022-04-07  11:50:34.081] "D:\python\RenRenMall\RenRen_Shop\factory\factory.py:62" [INFO] : 账户登录成功
[2022-04-07  11:50:34.195] "D:\python\RenRenMall\RenRen_Shop\factory\factory.py:66" [INFO] : 获取该账户管理的店铺
[2022-04-07  11:50:34.195] "D:\python\RenRenMall\RenRen_Shop\factory\factory.py:68" [INFO] : 店铺初始化，默认获取第一个店铺的管理权，若有多个店铺，可通过self.switch_shop()进行管理权切换
[2022-04-07  11:50:34.963] "D:\python\RenRenMall\RenRen_Shop\factory\factory.py:55" [INFO] : 账号登出成功
[2022-04-07  11:51:54.061] "D:\python\RenRenMall\RenRen_Shop\factory\factory.py:60" [INFO] : 账户初始化
[2022-04-07  11:51:54.219] "D:\python\RenRenMall\RenRen_Shop\factory\factory.py:62" [INFO] : 账户登录成功
[2022-04-07  11:51:54.314] "D:\python\RenRenMall\RenRen_Shop\factory\factory.py:66" [INFO] : 获取该账户管理的店铺
[2022-04-07  11:51:54.314] "D:\python\RenRenMall\RenRen_Shop\factory\factory.py:68" [INFO] : 店铺初始化，默认获取第一个店铺的管理权，若有多个店铺，可通过self.switch_shop()进行管理权切换
[2022-04-07  11:51:57.330] "D:\python\RenRenMall\RenRen_Shop\factory\factory.py:55" [INFO] : 账号登出成功
[2022-04-07  12:01:15.283] "D:\python\RenRenMall\RenRen_Shop\factory\factory.py:60" [INFO] : 账户初始化
[2022-04-07  12:01:15.440] "D:\python\RenRenMall\RenRen_Shop\factory\factory.py:62" [INFO] : 账户登录成功
[2022-04-07  12:01:15.534] "D:\python\RenRenMall\RenRen_Shop\factory\factory.py:66" [INFO] : 获取该账户管理的店铺
[2022-04-07  12:01:15.534] "D:\python\RenRenMall\RenRen_Shop\factory\factory.py:68" [INFO] : 店铺初始化，默认获取第一个店铺的管理权，若有多个店铺，可通过self.switch_shop()进行管理权切换
[2022-04-07  12:01:17.324] "D:\python\RenRenMall\RenRen_Shop\factory\factory.py:55" [INFO] : 账号登出成功
[2022-04-07  12:01:38.871] "D:\python\RenRenMall\RenRen_Shop\factory\factory.py:60" [INFO] : 账户初始化
[2022-04-07  12:01:39.030] "D:\python\RenRenMall\RenRen_Shop\factory\factory.py:62" [INFO] : 账户登录成功
[2022-04-07  12:01:39.125] "D:\python\RenRenMall\RenRen_Shop\factory\factory.py:66" [INFO] : 获取该账户管理的店铺
[2022-04-07  12:01:39.125] "D:\python\RenRenMall\RenRen_Shop\factory\factory.py:68" [INFO] : 店铺初始化，默认获取第一个店铺的管理权，若有多个店铺，可通过self.switch_shop()进行管理权切换
[2022-04-07  12:01:42.105] "D:\python\RenRenMall\RenRen_Shop\factory\factory.py:55" [INFO] : 账号登出成功
[2022-04-07  12:24:09.006] "D:\python\RenRenMall\RenRen_Shop\factory\factory.py:60" [INFO] : 账户初始化
[2022-04-07  12:24:09.161] "D:\python\RenRenMall\RenRen_Shop\factory\factory.py:62" [INFO] : 账户登录成功
[2022-04-07  12:24:09.254] "D:\python\RenRenMall\RenRen_Shop\factory\factory.py:66" [INFO] : 获取该账户管理的店铺
[2022-04-07  12:24:09.254] "D:\python\RenRenMall\RenRen_Shop\factory\factory.py:68" [INFO] : 店铺初始化，默认获取第一个店铺的管理权，若有多个店铺，可通过self.switch_shop()进行管理权切换
[2022-04-07  12:24:09.875] "D:\python\RenRenMall\RenRen_Shop\factory\factory.py:55" [INFO] : 账号登出成功
[2022-04-07  12:30:13.697] "D:\python\RenRenMall\RenRen_Shop\factory\factory.py:60" [INFO] : 账户初始化
[2022-04-07  12:30:13.858] "D:\python\RenRenMall\RenRen_Shop\factory\factory.py:62" [INFO] : 账户登录成功
[2022-04-07  12:30:13.955] "D:\python\RenRenMall\RenRen_Shop\factory\factory.py:66" [INFO] : 获取该账户管理的店铺
[2022-04-07  12:30:13.955] "D:\python\RenRenMall\RenRen_Shop\factory\factory.py:68" [INFO] : 店铺初始化，默认获取第一个店铺的管理权，若有多个店铺，可通过self.switch_shop()进行管理权切换
[2022-04-07  12:30:17.112] "D:\python\RenRenMall\RenRen_Shop\factory\factory.py:55" [INFO] : 账号登出成功
[2022-04-07  12:30:34.783] "D:\python\RenRenMall\RenRen_Shop\factory\factory.py:60" [INFO] : 账户初始化
[2022-04-07  12:30:34.943] "D:\python\RenRenMall\RenRen_Shop\factory\factory.py:62" [INFO] : 账户登录成功
[2022-04-07  12:30:35.039] "D:\python\RenRenMall\RenRen_Shop\factory\factory.py:66" [INFO] : 获取该账户管理的店铺
[2022-04-07  12:30:35.039] "D:\python\RenRenMall\RenRen_Shop\factory\factory.py:68" [INFO] : 店铺初始化，默认获取第一个店铺的管理权，若有多个店铺，可通过self.switch_shop()进行管理权切换
[2022-04-07  12:30:38.092] "D:\python\RenRenMall\RenRen_Shop\factory\factory.py:55" [INFO] : 账号登出成功
[2022-04-07  12:36:03.324] "D:\python\RenRenMall\RenRen_Shop\factory\factory.py:60" [INFO] : 账户初始化
[2022-04-07  12:36:03.499] "D:\python\RenRenMall\RenRen_Shop\factory\factory.py:62" [INFO] : 账户登录成功
[2022-04-07  12:36:03.596] "D:\python\RenRenMall\RenRen_Shop\factory\factory.py:66" [INFO] : 获取该账户管理的店铺
[2022-04-07  12:36:03.597] "D:\python\RenRenMall\RenRen_Shop\factory\factory.py:68" [INFO] : 店铺初始化，默认获取第一个店铺的管理权，若有多个店铺，可通过self.switch_shop()进行管理权切换
[2022-04-07  12:36:06.770] "D:\python\RenRenMall\RenRen_Shop\factory\factory.py:55" [INFO] : 账号登出成功
[2022-04-07  12:36:35.876] "D:\python\RenRenMall\RenRen_Shop\factory\factory.py:60" [INFO] : 账户初始化
[2022-04-07  12:36:36.031] "D:\python\RenRenMall\RenRen_Shop\factory\factory.py:62" [INFO] : 账户登录成功
[2022-04-07  12:36:36.122] "D:\python\RenRenMall\RenRen_Shop\factory\factory.py:66" [INFO] : 获取该账户管理的店铺
[2022-04-07  12:36:36.122] "D:\python\RenRenMall\RenRen_Shop\factory\factory.py:68" [INFO] : 店铺初始化，默认获取第一个店铺的管理权，若有多个店铺，可通过self.switch_shop()进行管理权切换
[2022-04-07  12:36:39.178] "D:\python\RenRenMall\RenRen_Shop\factory\factory.py:55" [INFO] : 账号登出成功
[2022-04-07  13:05:56.653] "D:\python\RenRenMall\RenRen_Shop\factory\factory.py:60" [INFO] : 账户初始化
[2022-04-07  13:05:56.821] "D:\python\RenRenMall\RenRen_Shop\factory\factory.py:62" [INFO] : 账户登录成功
[2022-04-07  13:05:56.915] "D:\python\RenRenMall\RenRen_Shop\factory\factory.py:66" [INFO] : 获取该账户管理的店铺
[2022-04-07  13:05:56.916] "D:\python\RenRenMall\RenRen_Shop\factory\factory.py:68" [INFO] : 店铺初始化，默认获取第一个店铺的管理权，若有多个店铺，可通过self.switch_shop()进行管理权切换
[2022-04-07  13:06:00.092] "D:\python\RenRenMall\RenRen_Shop\factory\factory.py:55" [INFO] : 账号登出成功
[2022-04-07  13:09:49.489] "D:\python\RenRenMall\RenRen_Shop\factory\factory.py:60" [INFO] : 账户初始化
[2022-04-07  13:09:49.647] "D:\python\RenRenMall\RenRen_Shop\factory\factory.py:62" [INFO] : 账户登录成功
[2022-04-07  13:09:49.740] "D:\python\RenRenMall\RenRen_Shop\factory\factory.py:66" [INFO] : 获取该账户管理的店铺
[2022-04-07  13:09:49.740] "D:\python\RenRenMall\RenRen_Shop\factory\factory.py:68" [INFO] : 店铺初始化，默认获取第一个店铺的管理权，若有多个店铺，可通过self.switch_shop()进行管理权切换
[2022-04-07  13:09:52.784] "D:\python\RenRenMall\RenRen_Shop\factory\factory.py:55" [INFO] : 账号登出成功
[2022-04-07  13:10:08.036] "D:\python\RenRenMall\RenRen_Shop\factory\factory.py:60" [INFO] : 账户初始化
[2022-04-07  13:10:08.215] "D:\python\RenRenMall\RenRen_Shop\factory\factory.py:62" [INFO] : 账户登录成功
[2022-04-07  13:10:08.330] "D:\python\RenRenMall\RenRen_Shop\factory\factory.py:66" [INFO] : 获取该账户管理的店铺
[2022-04-07  13:10:08.331] "D:\python\RenRenMall\RenRen_Shop\factory\factory.py:68" [INFO] : 店铺初始化，默认获取第一个店铺的管理权，若有多个店铺，可通过self.switch_shop()进行管理权切换
[2022-04-07  13:10:11.457] "D:\python\RenRenMall\RenRen_Shop\factory\factory.py:55" [INFO] : 账号登出成功
[2022-04-07  13:12:16.530] "D:\python\RenRenMall\RenRen_Shop\factory\factory.py:60" [INFO] : 账户初始化
[2022-04-07  13:12:16.685] "D:\python\RenRenMall\RenRen_Shop\factory\factory.py:62" [INFO] : 账户登录成功
[2022-04-07  13:12:16.777] "D:\python\RenRenMall\RenRen_Shop\factory\factory.py:66" [INFO] : 获取该账户管理的店铺
[2022-04-07  13:12:16.777] "D:\python\RenRenMall\RenRen_Shop\factory\factory.py:68" [INFO] : 店铺初始化，默认获取第一个店铺的管理权，若有多个店铺，可通过self.switch_shop()进行管理权切换
[2022-04-07  13:12:19.733] "D:\python\RenRenMall\RenRen_Shop\factory\factory.py:55" [INFO] : 账号登出成功
[2022-04-07  13:14:40.250] "D:\python\RenRenMall\RenRen_Shop\factory\factory.py:60" [INFO] : 账户初始化
[2022-04-07  13:14:40.405] "D:\python\RenRenMall\RenRen_Shop\factory\factory.py:62" [INFO] : 账户登录成功
[2022-04-07  13:14:40.498] "D:\python\RenRenMall\RenRen_Shop\factory\factory.py:66" [INFO] : 获取该账户管理的店铺
[2022-04-07  13:14:40.498] "D:\python\RenRenMall\RenRen_Shop\factory\factory.py:68" [INFO] : 店铺初始化，默认获取第一个店铺的管理权，若有多个店铺，可通过self.switch_shop()进行管理权切换
[2022-04-07  13:14:43.742] "D:\python\RenRenMall\RenRen_Shop\factory\factory.py:55" [INFO] : 账号登出成功
[2022-04-07  13:15:58.143] "D:\python\RenRenMall\RenRen_Shop\factory\factory.py:60" [INFO] : 账户初始化
[2022-04-07  13:15:58.300] "D:\python\RenRenMall\RenRen_Shop\factory\factory.py:62" [INFO] : 账户登录成功
[2022-04-07  13:15:58.396] "D:\python\RenRenMall\RenRen_Shop\factory\factory.py:66" [INFO] : 获取该账户管理的店铺
[2022-04-07  13:15:58.396] "D:\python\RenRenMall\RenRen_Shop\factory\factory.py:68" [INFO] : 店铺初始化，默认获取第一个店铺的管理权，若有多个店铺，可通过self.switch_shop()进行管理权切换
[2022-04-07  13:16:01.622] "D:\python\RenRenMall\RenRen_Shop\factory\factory.py:55" [INFO] : 账号登出成功
[2022-04-07  13:17:13.087] "D:\python\RenRenMall\RenRen_Shop\factory\factory.py:60" [INFO] : 账户初始化
[2022-04-07  13:17:13.244] "D:\python\RenRenMall\RenRen_Shop\factory\factory.py:62" [INFO] : 账户登录成功
[2022-04-07  13:17:13.342] "D:\python\RenRenMall\RenRen_Shop\factory\factory.py:66" [INFO] : 获取该账户管理的店铺
[2022-04-07  13:17:13.344] "D:\python\RenRenMall\RenRen_Shop\factory\factory.py:68" [INFO] : 店铺初始化，默认获取第一个店铺的管理权，若有多个店铺，可通过self.switch_shop()进行管理权切换
[2022-04-07  13:17:16.668] "D:\python\RenRenMall\RenRen_Shop\factory\factory.py:55" [INFO] : 账号登出成功
[2022-04-07  13:21:31.609] "D:\python\RenRenMall\RenRen_Shop\factory\factory.py:60" [INFO] : 账户初始化
[2022-04-07  13:21:31.767] "D:\python\RenRenMall\RenRen_Shop\factory\factory.py:62" [INFO] : 账户登录成功
[2022-04-07  13:21:31.864] "D:\python\RenRenMall\RenRen_Shop\factory\factory.py:66" [INFO] : 获取该账户管理的店铺
[2022-04-07  13:21:31.864] "D:\python\RenRenMall\RenRen_Shop\factory\factory.py:68" [INFO] : 店铺初始化，默认获取第一个店铺的管理权，若有多个店铺，可通过self.switch_shop()进行管理权切换
[2022-04-07  13:21:35.008] "D:\python\RenRenMall\RenRen_Shop\factory\factory.py:55" [INFO] : 账号登出成功
[2022-04-07  13:22:09.233] "D:\python\RenRenMall\RenRen_Shop\factory\factory.py:60" [INFO] : 账户初始化
[2022-04-07  13:22:09.393] "D:\python\RenRenMall\RenRen_Shop\factory\factory.py:62" [INFO] : 账户登录成功
[2022-04-07  13:22:09.491] "D:\python\RenRenMall\RenRen_Shop\factory\factory.py:66" [INFO] : 获取该账户管理的店铺
[2022-04-07  13:22:09.491] "D:\python\RenRenMall\RenRen_Shop\factory\factory.py:68" [INFO] : 店铺初始化，默认获取第一个店铺的管理权，若有多个店铺，可通过self.switch_shop()进行管理权切换
[2022-04-07  13:22:12.903] "D:\python\RenRenMall\RenRen_Shop\factory\factory.py:55" [INFO] : 账号登出成功
[2022-04-07  13:22:55.389] "D:\python\RenRenMall\RenRen_Shop\factory\factory.py:60" [INFO] : 账户初始化
[2022-04-07  13:22:55.550] "D:\python\RenRenMall\RenRen_Shop\factory\factory.py:62" [INFO] : 账户登录成功
[2022-04-07  13:22:55.648] "D:\python\RenRenMall\RenRen_Shop\factory\factory.py:66" [INFO] : 获取该账户管理的店铺
[2022-04-07  13:22:55.648] "D:\python\RenRenMall\RenRen_Shop\factory\factory.py:68" [INFO] : 店铺初始化，默认获取第一个店铺的管理权，若有多个店铺，可通过self.switch_shop()进行管理权切换
[2022-04-07  13:22:58.844] "D:\python\RenRenMall\RenRen_Shop\factory\factory.py:55" [INFO] : 账号登出成功
[2022-04-07  13:23:56.610] "D:\python\RenRenMall\RenRen_Shop\factory\factory.py:60" [INFO] : 账户初始化
[2022-04-07  13:23:56.773] "D:\python\RenRenMall\RenRen_Shop\factory\factory.py:62" [INFO] : 账户登录成功
[2022-04-07  13:23:56.873] "D:\python\RenRenMall\RenRen_Shop\factory\factory.py:66" [INFO] : 获取该账户管理的店铺
[2022-04-07  13:23:56.873] "D:\python\RenRenMall\RenRen_Shop\factory\factory.py:68" [INFO] : 店铺初始化，默认获取第一个店铺的管理权，若有多个店铺，可通过self.switch_shop()进行管理权切换
[2022-04-07  13:24:00.288] "D:\python\RenRenMall\RenRen_Shop\factory\factory.py:55" [INFO] : 账号登出成功
[2022-04-07  13:26:58.354] "D:\python\RenRenMall\RenRen_Shop\factory\factory.py:60" [INFO] : 账户初始化
[2022-04-07  13:26:58.512] "D:\python\RenRenMall\RenRen_Shop\factory\factory.py:62" [INFO] : 账户登录成功
[2022-04-07  13:26:58.610] "D:\python\RenRenMall\RenRen_Shop\factory\factory.py:66" [INFO] : 获取该账户管理的店铺
[2022-04-07  13:26:58.610] "D:\python\RenRenMall\RenRen_Shop\factory\factory.py:68" [INFO] : 店铺初始化，默认获取第一个店铺的管理权，若有多个店铺，可通过self.switch_shop()进行管理权切换
[2022-04-07  13:27:01.762] "D:\python\RenRenMall\RenRen_Shop\factory\factory.py:55" [INFO] : 账号登出成功
[2022-04-07  13:27:18.138] "D:\python\RenRenMall\RenRen_Shop\factory\factory.py:60" [INFO] : 账户初始化
[2022-04-07  13:27:18.301] "D:\python\RenRenMall\RenRen_Shop\factory\factory.py:62" [INFO] : 账户登录成功
[2022-04-07  13:27:18.392] "D:\python\RenRenMall\RenRen_Shop\factory\factory.py:66" [INFO] : 获取该账户管理的店铺
[2022-04-07  13:27:18.392] "D:\python\RenRenMall\RenRen_Shop\factory\factory.py:68" [INFO] : 店铺初始化，默认获取第一个店铺的管理权，若有多个店铺，可通过self.switch_shop()进行管理权切换
[2022-04-07  13:27:21.717] "D:\python\RenRenMall\RenRen_Shop\factory\factory.py:55" [INFO] : 账号登出成功
[2022-04-07  13:31:33.027] "D:\python\RenRenMall\RenRen_Shop\factory\factory.py:60" [INFO] : 账户初始化
[2022-04-07  13:31:33.187] "D:\python\RenRenMall\RenRen_Shop\factory\factory.py:62" [INFO] : 账户登录成功
[2022-04-07  13:31:33.284] "D:\python\RenRenMall\RenRen_Shop\factory\factory.py:66" [INFO] : 获取该账户管理的店铺
[2022-04-07  13:31:33.284] "D:\python\RenRenMall\RenRen_Shop\factory\factory.py:68" [INFO] : 店铺初始化，默认获取第一个店铺的管理权，若有多个店铺，可通过self.switch_shop()进行管理权切换
[2022-04-07  13:31:36.687] "D:\python\RenRenMall\RenRen_Shop\factory\factory.py:55" [INFO] : 账号登出成功
[2022-04-07  13:32:27.448] "D:\python\RenRenMall\RenRen_Shop\factory\factory.py:60" [INFO] : 账户初始化
[2022-04-07  13:32:27.607] "D:\python\RenRenMall\RenRen_Shop\factory\factory.py:62" [INFO] : 账户登录成功
[2022-04-07  13:32:27.712] "D:\python\RenRenMall\RenRen_Shop\factory\factory.py:66" [INFO] : 获取该账户管理的店铺
[2022-04-07  13:32:27.712] "D:\python\RenRenMall\RenRen_Shop\factory\factory.py:68" [INFO] : 店铺初始化，默认获取第一个店铺的管理权，若有多个店铺，可通过self.switch_shop()进行管理权切换
[2022-04-07  13:32:30.917] "D:\python\RenRenMall\RenRen_Shop\api\app\MySecKill.py:146" [INFO] : Done
[2022-04-07  13:32:31.056] "D:\python\RenRenMall\RenRen_Shop\factory\factory.py:55" [INFO] : 账号登出成功
[2022-04-07  15:10:08.284] "D:\python\RenRenMall\RenRen_Shop\factory\factory.py:61" [INFO] : 账户初始化
[2022-04-07  15:10:08.445] "D:\python\RenRenMall\RenRen_Shop\factory\factory.py:63" [INFO] : 账户登录成功
[2022-04-07  15:10:08.539] "D:\python\RenRenMall\RenRen_Shop\factory\factory.py:67" [INFO] : 获取该账户管理的店铺
[2022-04-07  15:10:08.539] "D:\python\RenRenMall\RenRen_Shop\factory\factory.py:69" [INFO] : 店铺初始化，默认获取第一个店铺的管理权，若有多个店铺，可通过self.switch_shop()进行管理权切换
[2022-04-07  15:10:11.721] "D:\python\RenRenMall\RenRen_Shop\api\app\MySecKill.py:146" [INFO] : Done
[2022-04-07  15:10:20.777] "D:\python\RenRenMall\RenRen_Shop\api\app\MySecKill.py:146" [INFO] : Done
[2022-04-07  15:10:29.956] "D:\python\RenRenMall\RenRen_Shop\api\app\MySecKill.py:146" [INFO] : Done
[2022-04-07  15:10:39.203] "D:\python\RenRenMall\RenRen_Shop\api\app\MySecKill.py:146" [INFO] : Done
[2022-04-07  15:10:47.937] "D:\python\RenRenMall\RenRen_Shop\api\app\MySecKill.py:146" [INFO] : Done
[2022-04-07  15:10:51.136] "D:\python\RenRenMall\RenRen_Shop\factory\factory.py:56" [INFO] : 账号登出成功
[2022-04-07  16:00:31.931] "D:\python\RenRenMall\RenRen_Shop\factory\factory.py:61" [INFO] : 账户初始化
[2022-04-07  16:00:32.087] "D:\python\RenRenMall\RenRen_Shop\factory\factory.py:63" [INFO] : 账户登录成功
[2022-04-07  16:00:32.185] "D:\python\RenRenMall\RenRen_Shop\factory\factory.py:67" [INFO] : 获取该账户管理的店铺
[2022-04-07  16:00:32.185] "D:\python\RenRenMall\RenRen_Shop\factory\factory.py:69" [INFO] : 店铺初始化，默认获取第一个店铺的管理权，若有多个店铺，可通过self.switch_shop()进行管理权切换
[2022-04-07  16:00:32.773] "D:\python\RenRenMall\RenRen_Shop\factory\factory.py:56" [INFO] : 账号登出成功
[2022-04-07  16:01:07.261] "D:\python\RenRenMall\RenRen_Shop\factory\factory.py:61" [INFO] : 账户初始化
[2022-04-07  16:01:07.431] "D:\python\RenRenMall\RenRen_Shop\factory\factory.py:63" [INFO] : 账户登录成功
[2022-04-07  16:01:07.537] "D:\python\RenRenMall\RenRen_Shop\factory\factory.py:67" [INFO] : 获取该账户管理的店铺
[2022-04-07  16:01:07.537] "D:\python\RenRenMall\RenRen_Shop\factory\factory.py:69" [INFO] : 店铺初始化，默认获取第一个店铺的管理权，若有多个店铺，可通过self.switch_shop()进行管理权切换
[2022-04-07  16:01:08.137] "D:\python\RenRenMall\RenRen_Shop\factory\factory.py:56" [INFO] : 账号登出成功
[2022-04-07  16:01:30.205] "D:\python\RenRenMall\RenRen_Shop\factory\factory.py:61" [INFO] : 账户初始化
[2022-04-07  16:01:30.360] "D:\python\RenRenMall\RenRen_Shop\factory\factory.py:63" [INFO] : 账户登录成功
[2022-04-07  16:01:30.452] "D:\python\RenRenMall\RenRen_Shop\factory\factory.py:67" [INFO] : 获取该账户管理的店铺
[2022-04-07  16:01:30.453] "D:\python\RenRenMall\RenRen_Shop\factory\factory.py:69" [INFO] : 店铺初始化，默认获取第一个店铺的管理权，若有多个店铺，可通过self.switch_shop()进行管理权切换
[2022-04-07  16:01:31.072] "D:\python\RenRenMall\RenRen_Shop\factory\factory.py:56" [INFO] : 账号登出成功
[2022-04-07  16:02:59.727] "D:\python\RenRenMall\RenRen_Shop\factory\factory.py:61" [INFO] : 账户初始化
[2022-04-07  16:02:59.884] "D:\python\RenRenMall\RenRen_Shop\factory\factory.py:63" [INFO] : 账户登录成功
[2022-04-07  16:02:59.977] "D:\python\RenRenMall\RenRen_Shop\factory\factory.py:67" [INFO] : 获取该账户管理的店铺
[2022-04-07  16:02:59.977] "D:\python\RenRenMall\RenRen_Shop\factory\factory.py:69" [INFO] : 店铺初始化，默认获取第一个店铺的管理权，若有多个店铺，可通过self.switch_shop()进行管理权切换
[2022-04-07  16:03:00.628] "D:\python\RenRenMall\RenRen_Shop\factory\factory.py:56" [INFO] : 账号登出成功
[2022-04-07  16:05:14.942] "D:\python\RenRenMall\RenRen_Shop\factory\factory.py:61" [INFO] : 账户初始化
[2022-04-07  16:05:15.101] "D:\python\RenRenMall\RenRen_Shop\factory\factory.py:63" [INFO] : 账户登录成功
[2022-04-07  16:05:15.201] "D:\python\RenRenMall\RenRen_Shop\factory\factory.py:67" [INFO] : 获取该账户管理的店铺
[2022-04-07  16:05:15.202] "D:\python\RenRenMall\RenRen_Shop\factory\factory.py:69" [INFO] : 店铺初始化，默认获取第一个店铺的管理权，若有多个店铺，可通过self.switch_shop()进行管理权切换
[2022-04-07  16:05:16.297] "D:\python\RenRenMall\RenRen_Shop\api\app\MySecKill.py:170" [INFO] : Done
[2022-04-07  16:05:16.769] "D:\python\RenRenMall\RenRen_Shop\api\app\MySecKill.py:170" [INFO] : Done
[2022-04-07  16:05:17.118] "D:\python\RenRenMall\RenRen_Shop\api\app\MySecKill.py:170" [INFO] : Done
[2022-04-07  16:05:17.485] "D:\python\RenRenMall\RenRen_Shop\api\app\MySecKill.py:170" [INFO] : Done
[2022-04-07  16:05:18.745] "D:\python\RenRenMall\RenRen_Shop\api\app\MySecKill.py:170" [INFO] : Done
[2022-04-07  16:05:18.916] "D:\python\RenRenMall\RenRen_Shop\factory\factory.py:56" [INFO] : 账号登出成功
[2022-04-07  16:07:14.695] "D:\python\RenRenMall\RenRen_Shop\factory\factory.py:61" [INFO] : 账户初始化
[2022-04-07  16:07:14.854] "D:\python\RenRenMall\RenRen_Shop\factory\factory.py:63" [INFO] : 账户登录成功
[2022-04-07  16:07:14.950] "D:\python\RenRenMall\RenRen_Shop\factory\factory.py:67" [INFO] : 获取该账户管理的店铺
[2022-04-07  16:07:14.951] "D:\python\RenRenMall\RenRen_Shop\factory\factory.py:69" [INFO] : 店铺初始化，默认获取第一个店铺的管理权，若有多个店铺，可通过self.switch_shop()进行管理权切换
[2022-04-07  16:07:16.088] "D:\python\RenRenMall\RenRen_Shop\api\app\MySecKill.py:170" [INFO] : Done
[2022-04-07  16:07:16.673] "D:\python\RenRenMall\RenRen_Shop\api\app\MySecKill.py:170" [INFO] : Done
[2022-04-07  16:07:17.273] "D:\python\RenRenMall\RenRen_Shop\api\app\MySecKill.py:170" [INFO] : Done
[2022-04-07  16:07:17.831] "D:\python\RenRenMall\RenRen_Shop\api\app\MySecKill.py:170" [INFO] : Done
[2022-04-07  16:07:18.574] "D:\python\RenRenMall\RenRen_Shop\api\app\MySecKill.py:170" [INFO] : Done
[2022-04-07  16:07:18.701] "D:\python\RenRenMall\RenRen_Shop\factory\factory.py:56" [INFO] : 账号登出成功
[2022-04-07  16:26:18.271] "D:\python\RenRenMall\RenRen_Shop\factory\factory.py:61" [INFO] : 账户初始化
[2022-04-07  16:26:18.428] "D:\python\RenRenMall\RenRen_Shop\factory\factory.py:63" [INFO] : 账户登录成功
[2022-04-07  16:26:18.523] "D:\python\RenRenMall\RenRen_Shop\factory\factory.py:67" [INFO] : 获取该账户管理的店铺
[2022-04-07  16:26:18.523] "D:\python\RenRenMall\RenRen_Shop\factory\factory.py:69" [INFO] : 店铺初始化，默认获取第一个店铺的管理权，若有多个店铺，可通过self.switch_shop()进行管理权切换
[2022-04-07  16:26:19.582] "D:\python\RenRenMall\RenRen_Shop\api\app\MySecKill.py:172" [INFO] : Done
[2022-04-07  16:26:20.192] "D:\python\RenRenMall\RenRen_Shop\api\app\MySecKill.py:172" [INFO] : Done
[2022-04-07  16:26:20.812] "D:\python\RenRenMall\RenRen_Shop\api\app\MySecKill.py:172" [INFO] : Done
[2022-04-07  16:26:21.415] "D:\python\RenRenMall\RenRen_Shop\api\app\MySecKill.py:172" [INFO] : Done
[2022-04-07  16:26:22.153] "D:\python\RenRenMall\RenRen_Shop\api\app\MySecKill.py:172" [INFO] : Done
[2022-04-07  16:26:22.310] "D:\python\RenRenMall\RenRen_Shop\factory\factory.py:56" [INFO] : 账号登出成功
[2022-04-07  16:31:16.365] "D:\python\RenRenMall\RenRen_Shop\factory\factory.py:61" [INFO] : 账户初始化
[2022-04-07  16:31:16.528] "D:\python\RenRenMall\RenRen_Shop\factory\factory.py:63" [INFO] : 账户登录成功
[2022-04-07  16:31:16.626] "D:\python\RenRenMall\RenRen_Shop\factory\factory.py:67" [INFO] : 获取该账户管理的店铺
[2022-04-07  16:31:16.626] "D:\python\RenRenMall\RenRen_Shop\factory\factory.py:69" [INFO] : 店铺初始化，默认获取第一个店铺的管理权，若有多个店铺，可通过self.switch_shop()进行管理权切换
[2022-04-07  16:31:16.868] "D:\python\RenRenMall\RenRen_Shop\factory\factory.py:56" [INFO] : 账号登出成功
[2022-04-07  16:32:19.707] "D:\python\RenRenMall\RenRen_Shop\factory\factory.py:61" [INFO] : 账户初始化
[2022-04-07  16:32:19.865] "D:\python\RenRenMall\RenRen_Shop\factory\factory.py:63" [INFO] : 账户登录成功
[2022-04-07  16:32:19.961] "D:\python\RenRenMall\RenRen_Shop\factory\factory.py:67" [INFO] : 获取该账户管理的店铺
[2022-04-07  16:32:19.961] "D:\python\RenRenMall\RenRen_Shop\factory\factory.py:69" [INFO] : 店铺初始化，默认获取第一个店铺的管理权，若有多个店铺，可通过self.switch_shop()进行管理权切换
[2022-04-07  16:32:20.185] "D:\python\RenRenMall\RenRen_Shop\factory\factory.py:56" [INFO] : 账号登出成功
[2022-04-07  16:35:18.557] "D:\python\RenRenMall\RenRen_Shop\factory\factory.py:61" [INFO] : 账户初始化
[2022-04-07  16:35:18.711] "D:\python\RenRenMall\RenRen_Shop\factory\factory.py:63" [INFO] : 账户登录成功
[2022-04-07  16:35:18.809] "D:\python\RenRenMall\RenRen_Shop\factory\factory.py:67" [INFO] : 获取该账户管理的店铺
[2022-04-07  16:35:18.809] "D:\python\RenRenMall\RenRen_Shop\factory\factory.py:69" [INFO] : 店铺初始化，默认获取第一个店铺的管理权，若有多个店铺，可通过self.switch_shop()进行管理权切换
[2022-04-07  16:35:19.019] "D:\python\RenRenMall\RenRen_Shop\factory\factory.py:56" [INFO] : 账号登出成功
[2022-04-07  16:37:12.500] "D:\python\RenRenMall\RenRen_Shop\factory\factory.py:61" [INFO] : 账户初始化
[2022-04-07  16:37:12.661] "D:\python\RenRenMall\RenRen_Shop\factory\factory.py:63" [INFO] : 账户登录成功
[2022-04-07  16:37:12.764] "D:\python\RenRenMall\RenRen_Shop\factory\factory.py:67" [INFO] : 获取该账户管理的店铺
[2022-04-07  16:37:12.764] "D:\python\RenRenMall\RenRen_Shop\factory\factory.py:69" [INFO] : 店铺初始化，默认获取第一个店铺的管理权，若有多个店铺，可通过self.switch_shop()进行管理权切换
[2022-04-07  16:37:12.980] "D:\python\RenRenMall\RenRen_Shop\factory\factory.py:56" [INFO] : 账号登出成功
[2022-04-07  16:38:59.115] "D:\python\RenRenMall\RenRen_Shop\factory\factory.py:61" [INFO] : 账户初始化
[2022-04-07  16:38:59.270] "D:\python\RenRenMall\RenRen_Shop\factory\factory.py:63" [INFO] : 账户登录成功
[2022-04-07  16:38:59.365] "D:\python\RenRenMall\RenRen_Shop\factory\factory.py:67" [INFO] : 获取该账户管理的店铺
[2022-04-07  16:38:59.365] "D:\python\RenRenMall\RenRen_Shop\factory\factory.py:69" [INFO] : 店铺初始化，默认获取第一个店铺的管理权，若有多个店铺，可通过self.switch_shop()进行管理权切换
[2022-04-07  16:38:59.580] "D:\python\RenRenMall\RenRen_Shop\factory\factory.py:56" [INFO] : 账号登出成功
[2022-04-07  16:39:29.659] "D:\python\RenRenMall\RenRen_Shop\factory\factory.py:61" [INFO] : 账户初始化
[2022-04-07  16:39:29.813] "D:\python\RenRenMall\RenRen_Shop\factory\factory.py:63" [INFO] : 账户登录成功
[2022-04-07  16:39:29.904] "D:\python\RenRenMall\RenRen_Shop\factory\factory.py:67" [INFO] : 获取该账户管理的店铺
[2022-04-07  16:39:29.905] "D:\python\RenRenMall\RenRen_Shop\factory\factory.py:69" [INFO] : 店铺初始化，默认获取第一个店铺的管理权，若有多个店铺，可通过self.switch_shop()进行管理权切换
[2022-04-07  16:39:30.033] "D:\python\RenRenMall\RenRen_Shop\factory\factory.py:56" [INFO] : 账号登出成功
[2022-04-07  16:41:50.922] "D:\python\RenRenMall\RenRen_Shop\factory\factory.py:61" [INFO] : 账户初始化
[2022-04-07  16:41:51.081] "D:\python\RenRenMall\RenRen_Shop\factory\factory.py:63" [INFO] : 账户登录成功
[2022-04-07  16:41:51.177] "D:\python\RenRenMall\RenRen_Shop\factory\factory.py:67" [INFO] : 获取该账户管理的店铺
[2022-04-07  16:41:51.178] "D:\python\RenRenMall\RenRen_Shop\factory\factory.py:69" [INFO] : 店铺初始化，默认获取第一个店铺的管理权，若有多个店铺，可通过self.switch_shop()进行管理权切换
[2022-04-07  16:41:51.433] "D:\python\RenRenMall\RenRen_Shop\factory\factory.py:56" [INFO] : 账号登出成功
[2022-04-07  16:42:26.517] "D:\python\RenRenMall\RenRen_Shop\factory\factory.py:61" [INFO] : 账户初始化
[2022-04-07  16:42:26.676] "D:\python\RenRenMall\RenRen_Shop\factory\factory.py:63" [INFO] : 账户登录成功
[2022-04-07  16:42:26.770] "D:\python\RenRenMall\RenRen_Shop\factory\factory.py:67" [INFO] : 获取该账户管理的店铺
[2022-04-07  16:42:26.771] "D:\python\RenRenMall\RenRen_Shop\factory\factory.py:69" [INFO] : 店铺初始化，默认获取第一个店铺的管理权，若有多个店铺，可通过self.switch_shop()进行管理权切换
[2022-04-07  16:42:27.002] "D:\python\RenRenMall\RenRen_Shop\factory\factory.py:56" [INFO] : 账号登出成功
[2022-04-07  16:42:36.316] "D:\python\RenRenMall\RenRen_Shop\factory\factory.py:61" [INFO] : 账户初始化
[2022-04-07  16:42:36.476] "D:\python\RenRenMall\RenRen_Shop\factory\factory.py:63" [INFO] : 账户登录成功
[2022-04-07  16:42:36.571] "D:\python\RenRenMall\RenRen_Shop\factory\factory.py:67" [INFO] : 获取该账户管理的店铺
[2022-04-07  16:42:36.571] "D:\python\RenRenMall\RenRen_Shop\factory\factory.py:69" [INFO] : 店铺初始化，默认获取第一个店铺的管理权，若有多个店铺，可通过self.switch_shop()进行管理权切换
[2022-04-07  16:42:36.804] "D:\python\RenRenMall\RenRen_Shop\factory\factory.py:56" [INFO] : 账号登出成功
[2022-04-07  16:42:55.106] "D:\python\RenRenMall\RenRen_Shop\factory\factory.py:61" [INFO] : 账户初始化
[2022-04-07  16:42:55.269] "D:\python\RenRenMall\RenRen_Shop\factory\factory.py:63" [INFO] : 账户登录成功
[2022-04-07  16:42:55.362] "D:\python\RenRenMall\RenRen_Shop\factory\factory.py:67" [INFO] : 获取该账户管理的店铺
[2022-04-07  16:42:55.362] "D:\python\RenRenMall\RenRen_Shop\factory\factory.py:69" [INFO] : 店铺初始化，默认获取第一个店铺的管理权，若有多个店铺，可通过self.switch_shop()进行管理权切换
[2022-04-07  16:42:55.477] "D:\python\RenRenMall\test\test.py:23" [INFO] : Done!
[2022-04-07  16:42:55.622] "D:\python\RenRenMall\RenRen_Shop\factory\factory.py:56" [INFO] : 账号登出成功
[2022-04-07  16:43:24.015] "D:\python\RenRenMall\RenRen_Shop\factory\factory.py:61" [INFO] : 账户初始化
[2022-04-07  16:43:24.186] "D:\python\RenRenMall\RenRen_Shop\factory\factory.py:63" [INFO] : 账户登录成功
[2022-04-07  16:43:24.285] "D:\python\RenRenMall\RenRen_Shop\factory\factory.py:67" [INFO] : 获取该账户管理的店铺
[2022-04-07  16:43:24.285] "D:\python\RenRenMall\RenRen_Shop\factory\factory.py:69" [INFO] : 店铺初始化，默认获取第一个店铺的管理权，若有多个店铺，可通过self.switch_shop()进行管理权切换
[2022-04-07  16:43:24.518] "D:\python\RenRenMall\RenRen_Shop\factory\factory.py:56" [INFO] : 账号登出成功
[2022-04-07  16:44:12.899] "D:\python\RenRenMall\RenRen_Shop\factory\factory.py:61" [INFO] : 账户初始化
[2022-04-07  16:44:13.057] "D:\python\RenRenMall\RenRen_Shop\factory\factory.py:63" [INFO] : 账户登录成功
[2022-04-07  16:44:13.151] "D:\python\RenRenMall\RenRen_Shop\factory\factory.py:67" [INFO] : 获取该账户管理的店铺
[2022-04-07  16:44:13.151] "D:\python\RenRenMall\RenRen_Shop\factory\factory.py:69" [INFO] : 店铺初始化，默认获取第一个店铺的管理权，若有多个店铺，可通过self.switch_shop()进行管理权切换
[2022-04-07  16:44:13.368] "D:\python\RenRenMall\RenRen_Shop\factory\factory.py:56" [INFO] : 账号登出成功
[2022-04-07  17:14:29.243] "D:\python\RenRenMall\RenRen_Shop\factory\factory.py:61" [INFO] : 账户初始化
[2022-04-07  17:14:29.398] "D:\python\RenRenMall\RenRen_Shop\factory\factory.py:63" [INFO] : 账户登录成功
[2022-04-07  17:14:29.492] "D:\python\RenRenMall\RenRen_Shop\factory\factory.py:67" [INFO] : 获取该账户管理的店铺
[2022-04-07  17:14:29.492] "D:\python\RenRenMall\RenRen_Shop\factory\factory.py:69" [INFO] : 店铺初始化，默认获取第一个店铺的管理权，若有多个店铺，可通过self.switch_shop()进行管理权切换
[2022-04-07  17:14:39.977] "D:\python\RenRenMall\RenRen_Shop\factory\factory.py:56" [INFO] : 账号登出成功
[2022-04-07  17:16:18.551] "D:\python\RenRenMall\RenRen_Shop\factory\factory.py:61" [INFO] : 账户初始化
[2022-04-07  17:16:18.712] "D:\python\RenRenMall\RenRen_Shop\factory\factory.py:63" [INFO] : 账户登录成功
[2022-04-07  17:16:18.807] "D:\python\RenRenMall\RenRen_Shop\factory\factory.py:67" [INFO] : 获取该账户管理的店铺
[2022-04-07  17:16:18.807] "D:\python\RenRenMall\RenRen_Shop\factory\factory.py:69" [INFO] : 店铺初始化，默认获取第一个店铺的管理权，若有多个店铺，可通过self.switch_shop()进行管理权切换
[2022-04-07  17:16:24.006] "D:\python\RenRenMall\RenRen_Shop\api\app\MySecKill.py:172" [INFO] : Done
[2022-04-07  17:16:30.126] "D:\python\RenRenMall\RenRen_Shop\factory\factory.py:56" [INFO] : 账号登出成功
[2022-04-07  17:18:39.886] "D:\python\RenRenMall\RenRen_Shop\factory\factory.py:61" [INFO] : 账户初始化
[2022-04-07  17:18:40.039] "D:\python\RenRenMall\RenRen_Shop\factory\factory.py:63" [INFO] : 账户登录成功
[2022-04-07  17:18:40.131] "D:\python\RenRenMall\RenRen_Shop\factory\factory.py:67" [INFO] : 获取该账户管理的店铺
[2022-04-07  17:18:40.131] "D:\python\RenRenMall\RenRen_Shop\factory\factory.py:69" [INFO] : 店铺初始化，默认获取第一个店铺的管理权，若有多个店铺，可通过self.switch_shop()进行管理权切换
[2022-04-07  17:18:41.206] "D:\python\RenRenMall\RenRen_Shop\api\app\MySecKill.py:172" [INFO] : Done
[2022-04-07  17:18:41.785] "D:\python\RenRenMall\RenRen_Shop\api\app\MySecKill.py:172" [INFO] : Done
[2022-04-07  17:18:42.399] "D:\python\RenRenMall\RenRen_Shop\api\app\MySecKill.py:172" [INFO] : Done
[2022-04-07  17:18:43.031] "D:\python\RenRenMall\RenRen_Shop\api\app\MySecKill.py:172" [INFO] : Done
[2022-04-07  17:18:43.721] "D:\python\RenRenMall\RenRen_Shop\api\app\MySecKill.py:172" [INFO] : Done
[2022-04-07  17:18:43.866] "D:\python\RenRenMall\RenRen_Shop\factory\factory.py:56" [INFO] : 账号登出成功
[2022-04-08  09:09:30.969] "D:\python\RenRenMall\RenRen_Shop\factory\factory.py:61" [INFO] : 账户初始化
[2022-04-08  09:09:31.126] "D:\python\RenRenMall\RenRen_Shop\factory\factory.py:63" [INFO] : 账户登录成功
[2022-04-08  09:09:31.222] "D:\python\RenRenMall\RenRen_Shop\factory\factory.py:67" [INFO] : 获取该账户管理的店铺
[2022-04-08  09:09:31.222] "D:\python\RenRenMall\RenRen_Shop\factory\factory.py:69" [INFO] : 店铺初始化，默认获取第一个店铺的管理权，若有多个店铺，可通过self.switch_shop()进行管理权切换
[2022-04-08  09:09:32.319] "D:\python\RenRenMall\RenRen_Shop\api\app\MySecKill.py:172" [INFO] : Done
[2022-04-08  09:09:32.908] "D:\python\RenRenMall\RenRen_Shop\api\app\MySecKill.py:172" [INFO] : Done
[2022-04-08  09:09:33.539] "D:\python\RenRenMall\RenRen_Shop\api\app\MySecKill.py:172" [INFO] : Done
[2022-04-08  09:09:34.143] "D:\python\RenRenMall\RenRen_Shop\api\app\MySecKill.py:172" [INFO] : Done
[2022-04-08  09:09:35.035] "D:\python\RenRenMall\RenRen_Shop\api\app\MySecKill.py:172" [INFO] : Done
[2022-04-08  09:09:35.177] "D:\python\RenRenMall\RenRen_Shop\factory\factory.py:56" [INFO] : 账号登出成功
[2022-04-08  17:55:01.478] "D:\python\RenRenMall\RenRen_Shop\factory\factory.py:61" [INFO] : 账户初始化
[2022-04-08  17:55:01.646] "D:\python\RenRenMall\RenRen_Shop\factory\factory.py:63" [INFO] : 账户登录成功
[2022-04-08  17:55:01.750] "D:\python\RenRenMall\RenRen_Shop\factory\factory.py:67" [INFO] : 获取该账户管理的店铺
[2022-04-08  17:55:01.750] "D:\python\RenRenMall\RenRen_Shop\factory\factory.py:69" [INFO] : 店铺初始化，默认获取第一个店铺的管理权，若有多个店铺，可通过self.switch_shop()进行管理权切换
[2022-04-08  17:55:01.841] "D:\python\RenRenMall\test\test.py:17" [INFO] : Done!
[2022-04-08  17:55:01.966] "D:\python\RenRenMall\RenRen_Shop\factory\factory.py:56" [INFO] : 账号登出成功
[2022-04-08  17:59:55.970] "D:\python\RenRenMall\RenRen_Shop\factory\factory.py:61" [INFO] : 账户初始化
[2022-04-08  17:59:56.173] "D:\python\RenRenMall\RenRen_Shop\factory\factory.py:63" [INFO] : 账户登录成功
[2022-04-08  17:59:56.289] "D:\python\RenRenMall\RenRen_Shop\factory\factory.py:67" [INFO] : 获取该账户管理的店铺
[2022-04-08  17:59:56.290] "D:\python\RenRenMall\RenRen_Shop\factory\factory.py:69" [INFO] : 店铺初始化，默认获取第一个店铺的管理权，若有多个店铺，可通过self.switch_shop()进行管理权切换
[2022-04-08  17:59:56.711] "D:\python\RenRenMall\test\test.py:17" [INFO] : Done!
[2022-04-08  17:59:56.857] "D:\python\RenRenMall\RenRen_Shop\factory\factory.py:56" [INFO] : 账号登出成功
[2022-04-08  20:14:14.543] "D:\python\RenRenMall\RenRen_Shop\factory\factory.py:61" [INFO] : 账户初始化
[2022-04-08  20:14:14.711] "D:\python\RenRenMall\RenRen_Shop\factory\factory.py:63" [INFO] : 账户登录成功
[2022-04-08  20:14:14.802] "D:\python\RenRenMall\RenRen_Shop\factory\factory.py:67" [INFO] : 获取该账户管理的店铺
[2022-04-08  20:14:14.802] "D:\python\RenRenMall\RenRen_Shop\factory\factory.py:69" [INFO] : 店铺初始化，默认获取第一个店铺的管理权，若有多个店铺，可通过self.switch_shop()进行管理权切换
[2022-04-08  20:14:15.068] "D:\python\RenRenMall\RenRen_Shop\factory\factory.py:56" [INFO] : 账号登出成功
[2022-04-08  20:14:39.377] "D:\python\RenRenMall\RenRen_Shop\factory\factory.py:61" [INFO] : 账户初始化
[2022-04-08  20:14:39.535] "D:\python\RenRenMall\RenRen_Shop\factory\factory.py:63" [INFO] : 账户登录成功
[2022-04-08  20:14:39.668] "D:\python\RenRenMall\RenRen_Shop\factory\factory.py:67" [INFO] : 获取该账户管理的店铺
[2022-04-08  20:14:39.669] "D:\python\RenRenMall\RenRen_Shop\factory\factory.py:69" [INFO] : 店铺初始化，默认获取第一个店铺的管理权，若有多个店铺，可通过self.switch_shop()进行管理权切换
[2022-04-08  20:14:40.103] "D:\python\RenRenMall\test\test.py:17" [INFO] : Done!
[2022-04-08  20:14:40.239] "D:\python\RenRenMall\RenRen_Shop\factory\factory.py:56" [INFO] : 账号登出成功
[2022-04-08  20:15:42.762] "D:\python\RenRenMall\RenRen_Shop\factory\factory.py:61" [INFO] : 账户初始化
[2022-04-08  20:15:42.922] "D:\python\RenRenMall\RenRen_Shop\factory\factory.py:63" [INFO] : 账户登录成功
[2022-04-08  20:15:43.027] "D:\python\RenRenMall\RenRen_Shop\factory\factory.py:67" [INFO] : 获取该账户管理的店铺
[2022-04-08  20:15:43.028] "D:\python\RenRenMall\RenRen_Shop\factory\factory.py:69" [INFO] : 店铺初始化，默认获取第一个店铺的管理权，若有多个店铺，可通过self.switch_shop()进行管理权切换
[2022-04-08  20:15:43.476] "D:\python\RenRenMall\test\test.py:17" [INFO] : Done!
[2022-04-08  20:15:43.623] "D:\python\RenRenMall\RenRen_Shop\factory\factory.py:56" [INFO] : 账号登出成功
[2022-04-08  20:17:08.071] "D:\python\RenRenMall\RenRen_Shop\factory\factory.py:61" [INFO] : 账户初始化
[2022-04-08  20:17:08.252] "D:\python\RenRenMall\RenRen_Shop\factory\factory.py:63" [INFO] : 账户登录成功
[2022-04-08  20:17:08.357] "D:\python\RenRenMall\RenRen_Shop\factory\factory.py:67" [INFO] : 获取该账户管理的店铺
[2022-04-08  20:17:08.357] "D:\python\RenRenMall\RenRen_Shop\factory\factory.py:69" [INFO] : 店铺初始化，默认获取第一个店铺的管理权，若有多个店铺，可通过self.switch_shop()进行管理权切换
[2022-04-08  20:17:08.835] "D:\python\RenRenMall\test\test.py:17" [INFO] : Done!
[2022-04-08  20:17:08.972] "D:\python\RenRenMall\RenRen_Shop\factory\factory.py:56" [INFO] : 账号登出成功
[2022-04-08  20:25:47.693] "D:\python\RenRenMall\RenRen_Shop\factory\factory.py:61" [INFO] : 账户初始化
[2022-04-08  20:25:47.873] "D:\python\RenRenMall\RenRen_Shop\factory\factory.py:63" [INFO] : 账户登录成功
[2022-04-08  20:25:47.988] "D:\python\RenRenMall\RenRen_Shop\factory\factory.py:67" [INFO] : 获取该账户管理的店铺
[2022-04-08  20:25:47.989] "D:\python\RenRenMall\RenRen_Shop\factory\factory.py:69" [INFO] : 店铺初始化，默认获取第一个店铺的管理权，若有多个店铺，可通过self.switch_shop()进行管理权切换
[2022-04-08  20:25:48.434] "D:\python\RenRenMall\test\test.py:17" [INFO] : Done!
[2022-04-08  20:25:48.575] "D:\python\RenRenMall\RenRen_Shop\factory\factory.py:56" [INFO] : 账号登出成功
[2022-04-08  20:26:59.882] "D:\python\RenRenMall\RenRen_Shop\factory\factory.py:61" [INFO] : 账户初始化
[2022-04-08  20:27:00.044] "D:\python\RenRenMall\RenRen_Shop\factory\factory.py:63" [INFO] : 账户登录成功
[2022-04-08  20:27:00.164] "D:\python\RenRenMall\RenRen_Shop\factory\factory.py:67" [INFO] : 获取该账户管理的店铺
[2022-04-08  20:27:00.164] "D:\python\RenRenMall\RenRen_Shop\factory\factory.py:69" [INFO] : 店铺初始化，默认获取第一个店铺的管理权，若有多个店铺，可通过self.switch_shop()进行管理权切换
[2022-04-08  20:27:00.609] "D:\python\RenRenMall\test\test.py:17" [INFO] : Done!
[2022-04-08  20:27:00.768] "D:\python\RenRenMall\RenRen_Shop\factory\factory.py:56" [INFO] : 账号登出成功
[2022-04-08  21:11:27.384] "D:\python\RenRenMall\RenRen_Shop\factory\factory.py:61" [INFO] : 账户初始化
[2022-04-08  21:11:27.541] "D:\python\RenRenMall\RenRen_Shop\factory\factory.py:63" [INFO] : 账户登录成功
[2022-04-08  21:11:27.630] "D:\python\RenRenMall\RenRen_Shop\factory\factory.py:67" [INFO] : 获取该账户管理的店铺
[2022-04-08  21:11:27.631] "D:\python\RenRenMall\RenRen_Shop\factory\factory.py:69" [INFO] : 店铺初始化，默认获取第一个店铺的管理权，若有多个店铺，可通过self.switch_shop()进行管理权切换
[2022-04-08  21:11:28.047] "D:\python\RenRenMall\test\test.py:17" [INFO] : Done!
[2022-04-08  21:11:28.173] "D:\python\RenRenMall\RenRen_Shop\factory\factory.py:56" [INFO] : 账号登出成功
[2022-04-08  22:00:02.173] "D:\python\RenRenMall\RenRen_Shop\factory\factory.py:64" [INFO] : 账户初始化
[2022-04-08  22:00:02.327] "D:\python\RenRenMall\RenRen_Shop\factory\factory.py:66" [INFO] : 账户登录成功
[2022-04-08  22:00:02.416] "D:\python\RenRenMall\RenRen_Shop\factory\factory.py:70" [INFO] : 获取该账户管理的店铺
[2022-04-08  22:00:02.416] "D:\python\RenRenMall\RenRen_Shop\factory\factory.py:72" [INFO] : 店铺初始化，默认获取第一个店铺的管理权，若有多个店铺，可通过self.switch_shop()进行管理权切换
[2022-04-08  22:00:02.516] "D:\python\RenRenMall\test\test.py:17" [INFO] : Done!
[2022-04-08  22:00:02.640] "D:\python\RenRenMall\RenRen_Shop\factory\factory.py:59" [INFO] : 账号登出成功
[2022-04-08  22:01:35.912] "D:\python\RenRenMall\RenRen_Shop\factory\factory.py:64" [INFO] : 账户初始化
[2022-04-08  22:01:36.064] "D:\python\RenRenMall\RenRen_Shop\factory\factory.py:66" [INFO] : 账户登录成功
[2022-04-08  22:01:36.155] "D:\python\RenRenMall\RenRen_Shop\factory\factory.py:70" [INFO] : 获取该账户管理的店铺
[2022-04-08  22:01:36.156] "D:\python\RenRenMall\RenRen_Shop\factory\factory.py:72" [INFO] : 店铺初始化，默认获取第一个店铺的管理权，若有多个店铺，可通过self.switch_shop()进行管理权切换
[2022-04-08  22:01:36.351] "D:\python\RenRenMall\RenRen_Shop\factory\factory.py:59" [INFO] : 账号登出成功
[2022-04-08  22:02:16.923] "D:\python\RenRenMall\RenRen_Shop\factory\factory.py:64" [INFO] : 账户初始化
[2022-04-08  22:02:17.080] "D:\python\RenRenMall\RenRen_Shop\factory\factory.py:66" [INFO] : 账户登录成功
[2022-04-08  22:02:17.171] "D:\python\RenRenMall\RenRen_Shop\factory\factory.py:70" [INFO] : 获取该账户管理的店铺
[2022-04-08  22:02:17.172] "D:\python\RenRenMall\RenRen_Shop\factory\factory.py:72" [INFO] : 店铺初始化，默认获取第一个店铺的管理权，若有多个店铺，可通过self.switch_shop()进行管理权切换
[2022-04-08  22:02:17.364] "D:\python\RenRenMall\RenRen_Shop\factory\factory.py:59" [INFO] : 账号登出成功
[2022-04-08  22:02:37.465] "D:\python\RenRenMall\RenRen_Shop\factory\factory.py:64" [INFO] : 账户初始化
[2022-04-08  22:02:37.665] "D:\python\RenRenMall\RenRen_Shop\factory\factory.py:66" [INFO] : 账户登录成功
[2022-04-08  22:02:37.758] "D:\python\RenRenMall\RenRen_Shop\factory\factory.py:70" [INFO] : 获取该账户管理的店铺
[2022-04-08  22:02:37.758] "D:\python\RenRenMall\RenRen_Shop\factory\factory.py:72" [INFO] : 店铺初始化，默认获取第一个店铺的管理权，若有多个店铺，可通过self.switch_shop()进行管理权切换
[2022-04-08  22:02:37.970] "D:\python\RenRenMall\RenRen_Shop\factory\factory.py:59" [INFO] : 账号登出成功
[2022-04-08  22:06:44.797] "D:\python\RenRenMall\RenRen_Shop\factory\factory.py:64" [INFO] : 账户初始化
[2022-04-08  22:06:44.955] "D:\python\RenRenMall\RenRen_Shop\factory\factory.py:66" [INFO] : 账户登录成功
[2022-04-08  22:06:45.050] "D:\python\RenRenMall\RenRen_Shop\factory\factory.py:70" [INFO] : 获取该账户管理的店铺
[2022-04-08  22:06:45.050] "D:\python\RenRenMall\RenRen_Shop\factory\factory.py:72" [INFO] : 店铺初始化，默认获取第一个店铺的管理权，若有多个店铺，可通过self.switch_shop()进行管理权切换
[2022-04-08  22:06:45.252] "D:\python\RenRenMall\RenRen_Shop\factory\factory.py:59" [INFO] : 账号登出成功
[2022-04-08  22:06:50.989] "D:\python\RenRenMall\RenRen_Shop\factory\factory.py:64" [INFO] : 账户初始化
[2022-04-08  22:06:51.147] "D:\python\RenRenMall\RenRen_Shop\factory\factory.py:66" [INFO] : 账户登录成功
[2022-04-08  22:06:51.238] "D:\python\RenRenMall\RenRen_Shop\factory\factory.py:70" [INFO] : 获取该账户管理的店铺
[2022-04-08  22:06:51.239] "D:\python\RenRenMall\RenRen_Shop\factory\factory.py:72" [INFO] : 店铺初始化，默认获取第一个店铺的管理权，若有多个店铺，可通过self.switch_shop()进行管理权切换
[2022-04-08  22:06:51.439] "D:\python\RenRenMall\RenRen_Shop\factory\factory.py:59" [INFO] : 账号登出成功
[2022-04-08  22:07:21.416] "D:\python\RenRenMall\RenRen_Shop\factory\factory.py:64" [INFO] : 账户初始化
[2022-04-08  22:07:21.589] "D:\python\RenRenMall\RenRen_Shop\factory\factory.py:66" [INFO] : 账户登录成功
[2022-04-08  22:07:21.692] "D:\python\RenRenMall\RenRen_Shop\factory\factory.py:70" [INFO] : 获取该账户管理的店铺
[2022-04-08  22:07:21.693] "D:\python\RenRenMall\RenRen_Shop\factory\factory.py:72" [INFO] : 店铺初始化，默认获取第一个店铺的管理权，若有多个店铺，可通过self.switch_shop()进行管理权切换
[2022-04-08  22:07:21.911] "D:\python\RenRenMall\RenRen_Shop\factory\factory.py:59" [INFO] : 账号登出成功
[2022-04-08  22:07:29.389] "D:\python\RenRenMall\RenRen_Shop\factory\factory.py:64" [INFO] : 账户初始化
[2022-04-08  22:07:29.547] "D:\python\RenRenMall\RenRen_Shop\factory\factory.py:66" [INFO] : 账户登录成功
[2022-04-08  22:07:29.652] "D:\python\RenRenMall\RenRen_Shop\factory\factory.py:70" [INFO] : 获取该账户管理的店铺
[2022-04-08  22:07:29.652] "D:\python\RenRenMall\RenRen_Shop\factory\factory.py:72" [INFO] : 店铺初始化，默认获取第一个店铺的管理权，若有多个店铺，可通过self.switch_shop()进行管理权切换
[2022-04-08  22:07:29.753] "D:\python\RenRenMall\test\test.py:17" [INFO] : Done!
[2022-04-08  22:07:29.875] "D:\python\RenRenMall\RenRen_Shop\factory\factory.py:59" [INFO] : 账号登出成功
[2022-04-09  09:45:17.095] "D:\python\RenRenMall\RenRen_Shop\factory\factory.py:64" [INFO] : 账户初始化
[2022-04-09  09:45:17.257] "D:\python\RenRenMall\RenRen_Shop\factory\factory.py:66" [INFO] : 账户登录成功
[2022-04-09  09:45:17.359] "D:\python\RenRenMall\RenRen_Shop\factory\factory.py:70" [INFO] : 获取该账户管理的店铺
[2022-04-09  09:45:17.359] "D:\python\RenRenMall\RenRen_Shop\factory\factory.py:72" [INFO] : 店铺初始化，默认获取第一个店铺的管理权，若有多个店铺，可通过self.switch_shop()进行管理权切换
[2022-04-09  09:45:18.995] "D:\python\RenRenMall\test\test.py:17" [INFO] : 筛选出的数量总数为：10
[2022-04-09  09:45:19.145] "D:\python\RenRenMall\RenRen_Shop\factory\factory.py:59" [INFO] : 账号登出成功
[2022-04-09  09:46:48.747] "D:\python\RenRenMall\RenRen_Shop\factory\factory.py:64" [INFO] : 账户初始化
[2022-04-09  09:46:48.908] "D:\python\RenRenMall\RenRen_Shop\factory\factory.py:66" [INFO] : 账户登录成功
[2022-04-09  09:46:49.008] "D:\python\RenRenMall\RenRen_Shop\factory\factory.py:70" [INFO] : 获取该账户管理的店铺
[2022-04-09  09:46:49.008] "D:\python\RenRenMall\RenRen_Shop\factory\factory.py:72" [INFO] : 店铺初始化，默认获取第一个店铺的管理权，若有多个店铺，可通过self.switch_shop()进行管理权切换
[2022-04-09  09:46:49.300] "D:\python\RenRenMall\RenRen_Shop\factory\factory.py:59" [INFO] : 账号登出成功
[2022-04-09  09:49:06.466] "D:\python\RenRenMall\RenRen_Shop\factory\factory.py:64" [INFO] : 账户初始化
[2022-04-09  09:49:06.634] "D:\python\RenRenMall\RenRen_Shop\factory\factory.py:66" [INFO] : 账户登录成功
[2022-04-09  09:49:06.747] "D:\python\RenRenMall\RenRen_Shop\factory\factory.py:70" [INFO] : 获取该账户管理的店铺
[2022-04-09  09:49:06.748] "D:\python\RenRenMall\RenRen_Shop\factory\factory.py:72" [INFO] : 店铺初始化，默认获取第一个店铺的管理权，若有多个店铺，可通过self.switch_shop()进行管理权切换
[2022-04-09  09:49:08.429] "D:\python\RenRenMall\test\test.py:17" [INFO] : 筛选出的数量总数为：0
[2022-04-09  09:49:08.583] "D:\python\RenRenMall\RenRen_Shop\factory\factory.py:59" [INFO] : 账号登出成功
[2022-04-09  09:50:52.380] "D:\python\RenRenMall\RenRen_Shop\factory\factory.py:64" [INFO] : 账户初始化
[2022-04-09  09:50:52.543] "D:\python\RenRenMall\RenRen_Shop\factory\factory.py:66" [INFO] : 账户登录成功
[2022-04-09  09:50:52.652] "D:\python\RenRenMall\RenRen_Shop\factory\factory.py:70" [INFO] : 获取该账户管理的店铺
[2022-04-09  09:50:52.653] "D:\python\RenRenMall\RenRen_Shop\factory\factory.py:72" [INFO] : 店铺初始化，默认获取第一个店铺的管理权，若有多个店铺，可通过self.switch_shop()进行管理权切换
[2022-04-09  09:50:54.357] "D:\python\RenRenMall\test\test.py:17" [INFO] : 筛选出的数量总数为：0
[2022-04-09  09:50:54.515] "D:\python\RenRenMall\RenRen_Shop\factory\factory.py:59" [INFO] : 账号登出成功
[2022-04-09  09:51:38.028] "D:\python\RenRenMall\RenRen_Shop\factory\factory.py:64" [INFO] : 账户初始化
[2022-04-09  09:51:38.193] "D:\python\RenRenMall\RenRen_Shop\factory\factory.py:66" [INFO] : 账户登录成功
[2022-04-09  09:51:38.295] "D:\python\RenRenMall\RenRen_Shop\factory\factory.py:70" [INFO] : 获取该账户管理的店铺
[2022-04-09  09:51:38.296] "D:\python\RenRenMall\RenRen_Shop\factory\factory.py:72" [INFO] : 店铺初始化，默认获取第一个店铺的管理权，若有多个店铺，可通过self.switch_shop()进行管理权切换
[2022-04-09  09:51:39.947] "D:\python\RenRenMall\test\test.py:17" [INFO] : 筛选出的数量总数为：0
[2022-04-09  09:51:40.099] "D:\python\RenRenMall\RenRen_Shop\factory\factory.py:59" [INFO] : 账号登出成功
[2022-04-09  09:52:00.170] "D:\python\RenRenMall\RenRen_Shop\factory\factory.py:64" [INFO] : 账户初始化
[2022-04-09  09:52:00.335] "D:\python\RenRenMall\RenRen_Shop\factory\factory.py:66" [INFO] : 账户登录成功
[2022-04-09  09:52:00.440] "D:\python\RenRenMall\RenRen_Shop\factory\factory.py:70" [INFO] : 获取该账户管理的店铺
[2022-04-09  09:52:00.441] "D:\python\RenRenMall\RenRen_Shop\factory\factory.py:72" [INFO] : 店铺初始化，默认获取第一个店铺的管理权，若有多个店铺，可通过self.switch_shop()进行管理权切换
[2022-04-09  09:52:02.219] "D:\python\RenRenMall\test\test.py:17" [INFO] : 筛选出的数量总数为：0
[2022-04-09  09:52:02.380] "D:\python\RenRenMall\RenRen_Shop\factory\factory.py:59" [INFO] : 账号登出成功
[2022-04-09  09:53:58.632] "D:\python\RenRenMall\RenRen_Shop\factory\factory.py:64" [INFO] : 账户初始化
[2022-04-09  09:53:58.795] "D:\python\RenRenMall\RenRen_Shop\factory\factory.py:66" [INFO] : 账户登录成功
[2022-04-09  09:53:58.892] "D:\python\RenRenMall\RenRen_Shop\factory\factory.py:70" [INFO] : 获取该账户管理的店铺
[2022-04-09  09:53:58.893] "D:\python\RenRenMall\RenRen_Shop\factory\factory.py:72" [INFO] : 店铺初始化，默认获取第一个店铺的管理权，若有多个店铺，可通过self.switch_shop()进行管理权切换
[2022-04-09  09:54:00.576] "D:\python\RenRenMall\test\test.py:17" [INFO] : 筛选出的数量总数为：0
[2022-04-09  09:54:00.730] "D:\python\RenRenMall\RenRen_Shop\factory\factory.py:59" [INFO] : 账号登出成功
[2022-04-09  09:54:13.398] "D:\python\RenRenMall\RenRen_Shop\factory\factory.py:64" [INFO] : 账户初始化
[2022-04-09  09:54:13.571] "D:\python\RenRenMall\RenRen_Shop\factory\factory.py:66" [INFO] : 账户登录成功
[2022-04-09  09:54:13.670] "D:\python\RenRenMall\RenRen_Shop\factory\factory.py:70" [INFO] : 获取该账户管理的店铺
[2022-04-09  09:54:13.671] "D:\python\RenRenMall\RenRen_Shop\factory\factory.py:72" [INFO] : 店铺初始化，默认获取第一个店铺的管理权，若有多个店铺，可通过self.switch_shop()进行管理权切换
[2022-04-09  09:54:15.342] "D:\python\RenRenMall\test\test.py:17" [INFO] : 筛选出的数量总数为：0
[2022-04-09  09:54:15.498] "D:\python\RenRenMall\RenRen_Shop\factory\factory.py:59" [INFO] : 账号登出成功
[2022-04-09  09:59:17.544] "D:\python\RenRenMall\RenRen_Shop\factory\factory.py:64" [INFO] : 账户初始化
[2022-04-09  09:59:17.710] "D:\python\RenRenMall\RenRen_Shop\factory\factory.py:66" [INFO] : 账户登录成功
[2022-04-09  09:59:17.809] "D:\python\RenRenMall\RenRen_Shop\factory\factory.py:70" [INFO] : 获取该账户管理的店铺
[2022-04-09  09:59:17.810] "D:\python\RenRenMall\RenRen_Shop\factory\factory.py:72" [INFO] : 店铺初始化，默认获取第一个店铺的管理权，若有多个店铺，可通过self.switch_shop()进行管理权切换
[2022-04-09  09:59:33.092] "D:\python\RenRenMall\test\test.py:17" [INFO] : 筛选出的数量总数为：56
[2022-04-09  09:59:33.241] "D:\python\RenRenMall\RenRen_Shop\factory\factory.py:59" [INFO] : 账号登出成功
[2022-04-09  09:59:58.160] "D:\python\RenRenMall\RenRen_Shop\factory\factory.py:64" [INFO] : 账户初始化
[2022-04-09  09:59:58.325] "D:\python\RenRenMall\RenRen_Shop\factory\factory.py:66" [INFO] : 账户登录成功
[2022-04-09  09:59:58.423] "D:\python\RenRenMall\RenRen_Shop\factory\factory.py:70" [INFO] : 获取该账户管理的店铺
[2022-04-09  09:59:58.424] "D:\python\RenRenMall\RenRen_Shop\factory\factory.py:72" [INFO] : 店铺初始化，默认获取第一个店铺的管理权，若有多个店铺，可通过self.switch_shop()进行管理权切换
[2022-04-09  11:23:22.252] "D:\python\RenRenMall\RenRen_Shop\factory\factory.py:64" [INFO] : 账户初始化
[2022-04-09  11:23:22.407] "D:\python\RenRenMall\RenRen_Shop\factory\factory.py:66" [INFO] : 账户登录成功
[2022-04-09  11:23:22.504] "D:\python\RenRenMall\RenRen_Shop\factory\factory.py:70" [INFO] : 获取该账户管理的店铺
[2022-04-09  11:23:22.505] "D:\python\RenRenMall\RenRen_Shop\factory\factory.py:72" [INFO] : 店铺初始化，默认获取第一个店铺的管理权，若有多个店铺，可通过self.switch_shop()进行管理权切换
[2022-04-09  11:24:35.405] "D:\python\RenRenMall\test\test.py:17" [INFO] : 筛选出的数量总数为：7
[2022-04-09  11:24:35.563] "D:\python\RenRenMall\RenRen_Shop\factory\factory.py:59" [INFO] : 账号登出成功
[2022-04-09  11:27:07.880] "D:\python\RenRenMall\RenRen_Shop\factory\factory.py:64" [INFO] : 账户初始化
[2022-04-09  11:27:08.040] "D:\python\RenRenMall\RenRen_Shop\factory\factory.py:66" [INFO] : 账户登录成功
[2022-04-09  11:27:08.157] "D:\python\RenRenMall\RenRen_Shop\factory\factory.py:70" [INFO] : 获取该账户管理的店铺
[2022-04-09  11:27:08.157] "D:\python\RenRenMall\RenRen_Shop\factory\factory.py:72" [INFO] : 店铺初始化，默认获取第一个店铺的管理权，若有多个店铺，可通过self.switch_shop()进行管理权切换
[2022-04-09  11:27:08.592] "D:\python\RenRenMall\test\test.py:17" [INFO] : 筛选出的数量总数为：0
[2022-04-09  11:27:08.742] "D:\python\RenRenMall\RenRen_Shop\factory\factory.py:59" [INFO] : 账号登出成功
[2022-04-09  11:28:49.207] "D:\python\RenRenMall\RenRen_Shop\factory\factory.py:64" [INFO] : 账户初始化
[2022-04-09  11:28:49.370] "D:\python\RenRenMall\RenRen_Shop\factory\factory.py:66" [INFO] : 账户登录成功
[2022-04-09  11:28:49.466] "D:\python\RenRenMall\RenRen_Shop\factory\factory.py:70" [INFO] : 获取该账户管理的店铺
[2022-04-09  11:28:49.466] "D:\python\RenRenMall\RenRen_Shop\factory\factory.py:72" [INFO] : 店铺初始化，默认获取第一个店铺的管理权，若有多个店铺，可通过self.switch_shop()进行管理权切换
[2022-04-09  11:28:49.914] "D:\python\RenRenMall\test\test.py:17" [INFO] : 筛选出的数量总数为：0
[2022-04-09  11:28:50.051] "D:\python\RenRenMall\RenRen_Shop\factory\factory.py:59" [INFO] : 账号登出成功
[2022-04-09  11:29:07.824] "D:\python\RenRenMall\RenRen_Shop\factory\factory.py:64" [INFO] : 账户初始化
[2022-04-09  11:29:07.997] "D:\python\RenRenMall\RenRen_Shop\factory\factory.py:66" [INFO] : 账户登录成功
[2022-04-09  11:29:08.098] "D:\python\RenRenMall\RenRen_Shop\factory\factory.py:70" [INFO] : 获取该账户管理的店铺
[2022-04-09  11:29:08.099] "D:\python\RenRenMall\RenRen_Shop\factory\factory.py:72" [INFO] : 店铺初始化，默认获取第一个店铺的管理权，若有多个店铺，可通过self.switch_shop()进行管理权切换
[2022-04-09  11:29:08.536] "D:\python\RenRenMall\test\test.py:17" [INFO] : 筛选出的数量总数为：0
[2022-04-09  11:29:08.677] "D:\python\RenRenMall\RenRen_Shop\factory\factory.py:59" [INFO] : 账号登出成功
[2022-04-09  11:31:55.998] "D:\python\RenRenMall\RenRen_Shop\factory\factory.py:64" [INFO] : 账户初始化
[2022-04-09  11:31:56.160] "D:\python\RenRenMall\RenRen_Shop\factory\factory.py:66" [INFO] : 账户登录成功
[2022-04-09  11:31:56.273] "D:\python\RenRenMall\RenRen_Shop\factory\factory.py:70" [INFO] : 获取该账户管理的店铺
[2022-04-09  11:31:56.273] "D:\python\RenRenMall\RenRen_Shop\factory\factory.py:72" [INFO] : 店铺初始化，默认获取第一个店铺的管理权，若有多个店铺，可通过self.switch_shop()进行管理权切换
[2022-04-09  11:31:56.717] "D:\python\RenRenMall\test\test.py:17" [INFO] : 筛选出的数量总数为：0
[2022-04-09  11:31:56.868] "D:\python\RenRenMall\RenRen_Shop\factory\factory.py:59" [INFO] : 账号登出成功
[2022-04-09  11:37:02.135] "D:\python\RenRenMall\RenRen_Shop\factory\factory.py:64" [INFO] : 账户初始化
[2022-04-09  11:37:02.300] "D:\python\RenRenMall\RenRen_Shop\factory\factory.py:66" [INFO] : 账户登录成功
[2022-04-09  11:37:02.422] "D:\python\RenRenMall\RenRen_Shop\factory\factory.py:70" [INFO] : 获取该账户管理的店铺
[2022-04-09  11:37:02.423] "D:\python\RenRenMall\RenRen_Shop\factory\factory.py:72" [INFO] : 店铺初始化，默认获取第一个店铺的管理权，若有多个店铺，可通过self.switch_shop()进行管理权切换
[2022-04-09  11:37:02.890] "D:\python\RenRenMall\test\test.py:17" [INFO] : 筛选出的数量总数为：118
[2022-04-09  11:37:03.038] "D:\python\RenRenMall\RenRen_Shop\factory\factory.py:59" [INFO] : 账号登出成功
[2022-04-09  11:37:37.725] "D:\python\RenRenMall\RenRen_Shop\factory\factory.py:64" [INFO] : 账户初始化
[2022-04-09  11:37:37.896] "D:\python\RenRenMall\RenRen_Shop\factory\factory.py:66" [INFO] : 账户登录成功
[2022-04-09  11:37:37.997] "D:\python\RenRenMall\RenRen_Shop\factory\factory.py:70" [INFO] : 获取该账户管理的店铺
[2022-04-09  11:37:37.998] "D:\python\RenRenMall\RenRen_Shop\factory\factory.py:72" [INFO] : 店铺初始化，默认获取第一个店铺的管理权，若有多个店铺，可通过self.switch_shop()进行管理权切换
[2022-04-09  11:38:52.930] "D:\python\RenRenMall\test\test.py:17" [INFO] : 筛选出的数量总数为：0
[2022-04-09  11:38:53.087] "D:\python\RenRenMall\RenRen_Shop\factory\factory.py:59" [INFO] : 账号登出成功
[2022-04-09  11:39:08.506] "D:\python\RenRenMall\RenRen_Shop\factory\factory.py:64" [INFO] : 账户初始化
[2022-04-09  11:39:08.680] "D:\python\RenRenMall\RenRen_Shop\factory\factory.py:66" [INFO] : 账户登录成功
[2022-04-09  11:39:08.788] "D:\python\RenRenMall\RenRen_Shop\factory\factory.py:70" [INFO] : 获取该账户管理的店铺
[2022-04-09  11:39:08.789] "D:\python\RenRenMall\RenRen_Shop\factory\factory.py:72" [INFO] : 店铺初始化，默认获取第一个店铺的管理权，若有多个店铺，可通过self.switch_shop()进行管理权切换
[2022-04-09  11:39:31.488] "D:\python\RenRenMall\RenRen_Shop\factory\factory.py:59" [INFO] : 账号登出成功
[2022-04-09  11:39:33.452] "D:\python\RenRenMall\RenRen_Shop\factory\factory.py:64" [INFO] : 账户初始化
[2022-04-09  11:39:33.620] "D:\python\RenRenMall\RenRen_Shop\factory\factory.py:66" [INFO] : 账户登录成功
[2022-04-09  11:39:33.722] "D:\python\RenRenMall\RenRen_Shop\factory\factory.py:70" [INFO] : 获取该账户管理的店铺
[2022-04-09  11:39:33.723] "D:\python\RenRenMall\RenRen_Shop\factory\factory.py:72" [INFO] : 店铺初始化，默认获取第一个店铺的管理权，若有多个店铺，可通过self.switch_shop()进行管理权切换
[2022-04-09  11:39:34.169] "D:\python\RenRenMall\test\test.py:17" [INFO] : 筛选出的数量总数为：4
[2022-04-09  11:39:34.317] "D:\python\RenRenMall\RenRen_Shop\factory\factory.py:59" [INFO] : 账号登出成功
[2022-04-09  11:39:45.192] "D:\python\RenRenMall\RenRen_Shop\factory\factory.py:64" [INFO] : 账户初始化
[2022-04-09  11:39:45.357] "D:\python\RenRenMall\RenRen_Shop\factory\factory.py:66" [INFO] : 账户登录成功
[2022-04-09  11:39:45.457] "D:\python\RenRenMall\RenRen_Shop\factory\factory.py:70" [INFO] : 获取该账户管理的店铺
[2022-04-09  11:39:45.458] "D:\python\RenRenMall\RenRen_Shop\factory\factory.py:72" [INFO] : 店铺初始化，默认获取第一个店铺的管理权，若有多个店铺，可通过self.switch_shop()进行管理权切换
[2022-04-09  11:39:45.898] "D:\python\RenRenMall\test\test.py:17" [INFO] : 筛选出的数量总数为：0
[2022-04-09  11:39:46.048] "D:\python\RenRenMall\RenRen_Shop\factory\factory.py:59" [INFO] : 账号登出成功
[2022-04-09  11:40:18.330] "D:\python\RenRenMall\RenRen_Shop\factory\factory.py:64" [INFO] : 账户初始化
[2022-04-09  11:40:18.499] "D:\python\RenRenMall\RenRen_Shop\factory\factory.py:66" [INFO] : 账户登录成功
[2022-04-09  11:40:18.599] "D:\python\RenRenMall\RenRen_Shop\factory\factory.py:70" [INFO] : 获取该账户管理的店铺
[2022-04-09  11:40:18.600] "D:\python\RenRenMall\RenRen_Shop\factory\factory.py:72" [INFO] : 店铺初始化，默认获取第一个店铺的管理权，若有多个店铺，可通过self.switch_shop()进行管理权切换
[2022-04-09  11:40:19.245] "D:\python\RenRenMall\test\test.py:17" [INFO] : 筛选出的数量总数为：75
[2022-04-09  11:40:19.391] "D:\python\RenRenMall\RenRen_Shop\factory\factory.py:59" [INFO] : 账号登出成功
[2022-04-09  11:40:27.234] "D:\python\RenRenMall\RenRen_Shop\factory\factory.py:64" [INFO] : 账户初始化
[2022-04-09  11:40:27.396] "D:\python\RenRenMall\RenRen_Shop\factory\factory.py:66" [INFO] : 账户登录成功
[2022-04-09  11:40:27.494] "D:\python\RenRenMall\RenRen_Shop\factory\factory.py:70" [INFO] : 获取该账户管理的店铺
[2022-04-09  11:40:27.494] "D:\python\RenRenMall\RenRen_Shop\factory\factory.py:72" [INFO] : 店铺初始化，默认获取第一个店铺的管理权，若有多个店铺，可通过self.switch_shop()进行管理权切换
[2022-04-09  11:40:28.135] "D:\python\RenRenMall\test\test.py:17" [INFO] : 筛选出的数量总数为：0
[2022-04-09  11:40:28.284] "D:\python\RenRenMall\RenRen_Shop\factory\factory.py:59" [INFO] : 账号登出成功
[2022-04-09  11:41:08.067] "D:\python\RenRenMall\RenRen_Shop\factory\factory.py:64" [INFO] : 账户初始化
[2022-04-09  11:41:08.233] "D:\python\RenRenMall\RenRen_Shop\factory\factory.py:66" [INFO] : 账户登录成功
[2022-04-09  11:41:08.334] "D:\python\RenRenMall\RenRen_Shop\factory\factory.py:70" [INFO] : 获取该账户管理的店铺
[2022-04-09  11:41:08.335] "D:\python\RenRenMall\RenRen_Shop\factory\factory.py:72" [INFO] : 店铺初始化，默认获取第一个店铺的管理权，若有多个店铺，可通过self.switch_shop()进行管理权切换
[2022-04-09  11:41:09.048] "D:\python\RenRenMall\test\test.py:17" [INFO] : 筛选出的数量总数为：55
[2022-04-09  11:41:09.193] "D:\python\RenRenMall\RenRen_Shop\factory\factory.py:59" [INFO] : 账号登出成功
[2022-04-09  11:41:16.499] "D:\python\RenRenMall\RenRen_Shop\factory\factory.py:64" [INFO] : 账户初始化
[2022-04-09  11:41:16.658] "D:\python\RenRenMall\RenRen_Shop\factory\factory.py:66" [INFO] : 账户登录成功
[2022-04-09  11:41:16.756] "D:\python\RenRenMall\RenRen_Shop\factory\factory.py:70" [INFO] : 获取该账户管理的店铺
[2022-04-09  11:41:16.757] "D:\python\RenRenMall\RenRen_Shop\factory\factory.py:72" [INFO] : 店铺初始化，默认获取第一个店铺的管理权，若有多个店铺，可通过self.switch_shop()进行管理权切换
[2022-04-09  11:41:17.393] "D:\python\RenRenMall\test\test.py:17" [INFO] : 筛选出的数量总数为：45
[2022-04-09  11:41:17.543] "D:\python\RenRenMall\RenRen_Shop\factory\factory.py:59" [INFO] : 账号登出成功
[2022-04-09  11:41:29.414] "D:\python\RenRenMall\RenRen_Shop\factory\factory.py:64" [INFO] : 账户初始化
[2022-04-09  11:41:29.579] "D:\python\RenRenMall\RenRen_Shop\factory\factory.py:66" [INFO] : 账户登录成功
[2022-04-09  11:41:29.681] "D:\python\RenRenMall\RenRen_Shop\factory\factory.py:70" [INFO] : 获取该账户管理的店铺
[2022-04-09  11:41:29.682] "D:\python\RenRenMall\RenRen_Shop\factory\factory.py:72" [INFO] : 店铺初始化，默认获取第一个店铺的管理权，若有多个店铺，可通过self.switch_shop()进行管理权切换
[2022-04-09  11:41:30.351] "D:\python\RenRenMall\test\test.py:17" [INFO] : 筛选出的数量总数为：55
[2022-04-09  11:41:30.496] "D:\python\RenRenMall\RenRen_Shop\factory\factory.py:59" [INFO] : 账号登出成功
[2022-04-09  13:28:20.274] "D:\python\RenRenMall\RenRen_Shop\factory\factory.py:64" [INFO] : 账户初始化
[2022-04-09  13:28:20.432] "D:\python\RenRenMall\RenRen_Shop\factory\factory.py:66" [INFO] : 账户登录成功
[2022-04-09  13:28:20.526] "D:\python\RenRenMall\RenRen_Shop\factory\factory.py:70" [INFO] : 获取该账户管理的店铺
[2022-04-09  13:28:20.527] "D:\python\RenRenMall\RenRen_Shop\factory\factory.py:72" [INFO] : 店铺初始化，默认获取第一个店铺的管理权，若有多个店铺，可通过self.switch_shop()进行管理权切换
[2022-04-09  13:28:21.227] "D:\python\RenRenMall\test\test.py:17" [INFO] : 筛选出的数量总数为：64
[2022-04-09  13:28:21.372] "D:\python\RenRenMall\RenRen_Shop\factory\factory.py:59" [INFO] : 账号登出成功
[2022-04-09  13:28:39.318] "D:\python\RenRenMall\RenRen_Shop\factory\factory.py:64" [INFO] : 账户初始化
[2022-04-09  13:28:39.479] "D:\python\RenRenMall\RenRen_Shop\factory\factory.py:66" [INFO] : 账户登录成功
[2022-04-09  13:28:39.578] "D:\python\RenRenMall\RenRen_Shop\factory\factory.py:70" [INFO] : 获取该账户管理的店铺
[2022-04-09  13:28:39.578] "D:\python\RenRenMall\RenRen_Shop\factory\factory.py:72" [INFO] : 店铺初始化，默认获取第一个店铺的管理权，若有多个店铺，可通过self.switch_shop()进行管理权切换
[2022-04-09  13:28:40.284] "D:\python\RenRenMall\test\test.py:17" [INFO] : 筛选出的数量总数为：64
[2022-04-09  13:28:40.437] "D:\python\RenRenMall\RenRen_Shop\factory\factory.py:59" [INFO] : 账号登出成功
[2022-04-09  13:30:33.565] "D:\python\RenRenMall\RenRen_Shop\factory\factory.py:64" [INFO] : 账户初始化
[2022-04-09  13:30:33.746] "D:\python\RenRenMall\RenRen_Shop\factory\factory.py:66" [INFO] : 账户登录成功
[2022-04-09  13:30:33.870] "D:\python\RenRenMall\RenRen_Shop\factory\factory.py:70" [INFO] : 获取该账户管理的店铺
[2022-04-09  13:30:33.871] "D:\python\RenRenMall\RenRen_Shop\factory\factory.py:72" [INFO] : 店铺初始化，默认获取第一个店铺的管理权，若有多个店铺，可通过self.switch_shop()进行管理权切换
[2022-04-09  13:31:55.513] "D:\python\RenRenMall\test\test.py:17" [INFO] : 筛选出的数量总数为：0
[2022-04-09  13:31:55.673] "D:\python\RenRenMall\RenRen_Shop\factory\factory.py:59" [INFO] : 账号登出成功
[2022-04-09  13:37:21.469] "D:\python\RenRenMall\RenRen_Shop\factory\factory.py:64" [INFO] : 账户初始化
[2022-04-09  13:37:21.634] "D:\python\RenRenMall\RenRen_Shop\factory\factory.py:66" [INFO] : 账户登录成功
[2022-04-09  13:37:21.738] "D:\python\RenRenMall\RenRen_Shop\factory\factory.py:70" [INFO] : 获取该账户管理的店铺
[2022-04-09  13:37:21.739] "D:\python\RenRenMall\RenRen_Shop\factory\factory.py:72" [INFO] : 店铺初始化，默认获取第一个店铺的管理权，若有多个店铺，可通过self.switch_shop()进行管理权切换
[2022-04-09  13:37:22.339] "D:\python\RenRenMall\test\test.py:17" [INFO] : 筛选出的数量总数为：1
[2022-04-09  13:37:22.481] "D:\python\RenRenMall\RenRen_Shop\factory\factory.py:59" [INFO] : 账号登出成功
[2022-04-09  13:37:32.722] "D:\python\RenRenMall\RenRen_Shop\factory\factory.py:64" [INFO] : 账户初始化
[2022-04-09  13:37:32.884] "D:\python\RenRenMall\RenRen_Shop\factory\factory.py:66" [INFO] : 账户登录成功
[2022-04-09  13:37:32.981] "D:\python\RenRenMall\RenRen_Shop\factory\factory.py:70" [INFO] : 获取该账户管理的店铺
[2022-04-09  13:37:32.982] "D:\python\RenRenMall\RenRen_Shop\factory\factory.py:72" [INFO] : 店铺初始化，默认获取第一个店铺的管理权，若有多个店铺，可通过self.switch_shop()进行管理权切换
[2022-04-09  13:37:33.565] "D:\python\RenRenMall\test\test.py:17" [INFO] : 筛选出的数量总数为：5
[2022-04-09  13:37:33.707] "D:\python\RenRenMall\RenRen_Shop\factory\factory.py:59" [INFO] : 账号登出成功
